Log file open, 02/20/24 21:03:20
LogWindows: Failed to load 'aqProf.dll' (GetLastError=126)
LogWindows: File 'aqProf.dll' does not exist
LogWindows: Failed to load 'VtuneApi.dll' (GetLastError=126)
LogWindows: File 'VtuneApi.dll' does not exist
LogWindows: Failed to load 'VtuneApi32e.dll' (GetLastError=126)
LogWindows: File 'VtuneApi32e.dll' does not exist
LogConsoleResponse: Display: Failed to find resolution value strings in scalability ini. Falling back to default.
LogInit: Display: Running engine for game: MyProject7
LogPakFile: Registered encryption key '00000000000000000000000000000000': 0 pak files mounted, 0 remain pending
LogPlatformFile: Not using cached read wrapper
LogTaskGraph: Started task graph with 5 named threads and 20 total threads with 3 sets of task threads.
LogStats: Stats thread started at 0.314941
LogD3D11RHI: Loaded GFSDK_Aftermath_Lib.x64.dll
LogICUInternationalization: ICU TimeZone Detection - Raw Offset: +10:00, Platform Override: ''
LogPluginManager: Mounting plugin Paper2D
LogPluginManager: Mounting plugin AISupport
LogPluginManager: Mounting plugin LightPropagationVolume
LogPluginManager: Mounting plugin ActorLayerUtilities
LogPluginManager: Mounting plugin AnimationSharing
LogPluginManager: Mounting plugin CLionSourceCodeAccess
LogPluginManager: Mounting plugin CodeLiteSourceCodeAccess
LogPluginManager: Mounting plugin GitSourceControl
LogPluginManager: Mounting plugin KDevelopSourceCodeAccess
LogPluginManager: Mounting plugin NullSourceCodeAccess
LogPluginManager: Mounting plugin PerforceSourceControl
LogPluginManager: Mounting plugin SubversionSourceControl
LogPluginManager: Mounting plugin UObjectPlugin
LogPluginManager: Mounting plugin VisualStudioCodeSourceCodeAccess
LogPluginManager: Mounting plugin VisualStudioSourceCodeAccess
LogPluginManager: Mounting plugin XCodeSourceCodeAccess
LogPluginManager: Mounting plugin AssetManagerEditor
LogPluginManager: Mounting plugin CryptoKeys
LogPluginManager: Mounting plugin DataValidation
LogPluginManager: Mounting plugin FacialAnimation
LogPluginManager: Mounting plugin GameplayTagsEditor
LogPluginManager: Mounting plugin MacGraphicsSwitching
LogPluginManager: Mounting plugin MaterialAnalyzer
LogPluginManager: Mounting plugin MobileLauncherProfileWizard
LogPluginManager: Mounting plugin PluginBrowser
LogPluginManager: Mounting plugin SpeedTreeImporter
LogPluginManager: Mounting plugin DatasmithContent
LogPluginManager: Mounting plugin VariantManagerContent
LogPluginManager: Mounting plugin AlembicImporter
LogPluginManager: Mounting plugin AppleImageUtils
LogPluginManager: Mounting plugin AppleVision
LogPluginManager: Mounting plugin BackChannel
LogPluginManager: Mounting plugin CharacterAI
LogPluginManager: Mounting plugin GeometryCache
LogPluginManager: Mounting plugin HTML5Networking
LogPluginManager: Mounting plugin ProxyLODPlugin
LogPluginManager: Mounting plugin SkeletalReduction
LogPluginManager: Mounting plugin MagicLeap
LogPluginManager: Mounting plugin MagicLeapMedia
LogPluginManager: Mounting plugin AndroidMedia
LogPluginManager: Mounting plugin AvfMedia
LogPluginManager: Mounting plugin ImgMedia
LogPluginManager: Mounting plugin LinearTimecode
LogPluginManager: Mounting plugin MediaCompositing
LogPluginManager: Mounting plugin MediaPlayerEditor
LogPluginManager: Mounting plugin WebMMedia
LogPluginManager: Mounting plugin WmfMedia
LogPluginManager: Mounting plugin TcpMessaging
LogPluginManager: Mounting plugin UdpMessaging
LogPluginManager: Mounting plugin ActorSequence
LogPluginManager: Mounting plugin LevelSequenceEditor
LogPluginManager: Mounting plugin MatineeToLevelSequence
LogPluginManager: Mounting plugin NetcodeUnitTest
LogPluginManager: Mounting plugin NUTUnrealEngine4
LogPluginManager: Mounting plugin OnlineSubsystemGooglePlay
LogPluginManager: Mounting plugin OnlineSubsystemIOS
LogPluginManager: Mounting plugin OnlineSubsystem
LogPluginManager: Mounting plugin OnlineSubsystemNull
LogPluginManager: Mounting plugin OnlineSubsystemUtils
LogPluginManager: Mounting plugin LauncherChunkInstaller
LogPluginManager: Mounting plugin AndroidDeviceProfileSelector
LogPluginManager: Mounting plugin AndroidMoviePlayer
LogPluginManager: Mounting plugin AndroidPermission
LogPluginManager: Mounting plugin AppleMoviePlayer
LogPluginManager: Mounting plugin ArchVisCharacter
LogPluginManager: Mounting plugin AudioCapture
LogPluginManager: Mounting plugin CableComponent
LogPluginManager: Mounting plugin CustomMeshComponent
LogPluginManager: Mounting plugin EditableMesh
LogPluginManager: Mounting plugin ExampleDeviceProfileSelector
LogPluginManager: Mounting plugin Firebase
LogPluginManager: Mounting plugin GoogleCloudMessaging
LogPluginManager: Mounting plugin IOSDeviceProfileSelector
LogPluginManager: Mounting plugin LinuxDeviceProfileSelector
LogPluginManager: Mounting plugin LocationServicesBPLibrary
LogPluginManager: Mounting plugin MobilePatchingUtils
LogPluginManager: Mounting plugin OculusVR
LogPluginManager: Mounting plugin PhysXVehicles
LogPluginManager: Mounting plugin ProceduralMeshComponent
LogPluginManager: Mounting plugin RuntimePhysXCooking
LogPluginManager: Mounting plugin SignificanceManager
LogPluginManager: Mounting plugin SteamVR
LogPluginManager: Mounting plugin WebMMoviePlayer
LogPluginManager: Mounting plugin WindowsMoviePlayer
LogInit: Using libcurl 7.55.1-DEV
LogInit:  - built for x86_64-pc-win32
LogInit:  - supports SSL with OpenSSL/1.1.1
LogInit:  - supports HTTP deflate (compression) using libz 1.2.8
LogInit:  - other features:
LogInit:      CURL_VERSION_SSL
LogInit:      CURL_VERSION_LIBZ
LogInit:      CURL_VERSION_IPV6
LogInit:      CURL_VERSION_ASYNCHDNS
LogInit:      CURL_VERSION_LARGEFILE
LogInit:      CURL_VERSION_IDN
LogInit:  CurlRequestOptions (configurable via config and command line):
LogInit:  - bVerifyPeer = true  - Libcurl will verify peer certificate
LogInit:  - bUseHttpProxy = false  - Libcurl will NOT use HTTP proxy
LogInit:  - bDontReuseConnections = false  - Libcurl will reuse connections
LogInit:  - MaxHostConnections = 16  - Libcurl will limit the number of connections to a host
LogInit:  - LocalHostAddr = Default
LogInit:  - BufferSize = 65536
LogInit: WinSock: version 1.1 (2.2), MaxSocks=32767, MaxUdp=65467
LogInit: Build: ++UE4+Release-4.22-CL-7053642
LogInit: Engine Version: 4.22.3-7053642+++UE4+Release-4.22
LogInit: Compatible Engine Version: 4.22.0-5660361+++UE4+Release-4.22
LogInit: Net CL: 5660361
LogInit: OS: Windows 10 (Release 2009) (), CPU: AMD Ryzen 5 4500U with Radeon Graphics         , GPU: AMD Radeon(TM) Graphics
LogInit: Compiled (64-bit): Jun 18 2019 03:09:11
LogInit: Compiled with Visual C++: 19.16.27025.01
LogInit: Build Configuration: Development
LogInit: Branch Name: ++UE4+Release-4.22
LogInit: Command Line: 
LogInit: Base Directory: D:/Unreal Engine/UE_4.22/Engine/Binaries/Win64/
LogInit: Installed Engine Build: 1
LogDevObjectVersion: Number of dev versions registered: 23
LogDevObjectVersion:   Dev-Blueprints (B0D832E4-1F89-4F0D-ACCF-7EB736FD4AA2): 10
LogDevObjectVersion:   Dev-Build (E1C64328-A22C-4D53-A36C-8E866417BD8C): 0
LogDevObjectVersion:   Dev-Core (375EC13C-06E4-48FB-B500-84F0262A717E): 3
LogDevObjectVersion:   Dev-Editor (E4B068ED-F494-42E9-A231-DA0B2E46BB41): 30
LogDevObjectVersion:   Dev-Framework (CFFC743F-43B0-4480-9391-14DF171D2073): 35
LogDevObjectVersion:   Dev-Mobile (B02B49B5-BB20-44E9-A304-32B752E40360): 2
LogDevObjectVersion:   Dev-Networking (A4E4105C-59A1-49B5-A7C5-40C4547EDFEE): 0
LogDevObjectVersion:   Dev-Online (39C831C9-5AE6-47DC-9A44-9C173E1C8E7C): 0
LogDevObjectVersion:   Dev-Physics (78F01B33-EBEA-4F98-B9B4-84EACCB95AA2): 0
LogDevObjectVersion:   Dev-Platform (6631380F-2D4D-43E0-8009-CF276956A95A): 0
LogDevObjectVersion:   Dev-Rendering (12F88B9F-8875-4AFC-A67C-D90C383ABD29): 28
LogDevObjectVersion:   Dev-Sequencer (7B5AE74C-D270-4C10-A958-57980B212A5A): 11
LogDevObjectVersion:   Dev-VR (D7296918-1DD6-4BDD-9DE2-64A83CC13884): 2
LogDevObjectVersion:   Dev-LoadTimes (C2A15278-BFE7-4AFE-6C17-90FF531DF755): 1
LogDevObjectVersion:   Private-Geometry (6EACA3D4-40EC-4CC1-B786-8BED09428FC5): 3
LogDevObjectVersion:   Dev-AnimPhys (29E575DD-E0A3-4627-9D10-D276232CDCEA): 17
LogDevObjectVersion:   Dev-Anim (AF43A65D-7FD3-4947-9873-3E8ED9C1BB05): 2
LogDevObjectVersion:   Dev-ReflectionCapture (6B266CEC-1EC7-4B8F-A30B-E4D90942FC07): 1
LogDevObjectVersion:   Dev-Automation (0DF73D61-A23F-47EA-B727-89E90C41499A): 1
LogDevObjectVersion:   FortniteMain (601D1886-AC64-4F84-AA16-D3DE0DEAC7D6): 25
LogDevObjectVersion:   Dev-Enterprise (9DFFBCD6-494F-0158-E221-12823C92A888): 6
LogDevObjectVersion:   Dev-Niagara (F2AED0AC-9AFE-416F-8664-AA7FFA26D6FC): 1
LogDevObjectVersion:   Dev-Destruction (174F1F0B-B4C6-45A5-B13F-2EE8D0FB917D): 2
LogInit: Presizing for max 16777216 objects, including 0 objects not considered by GC, pre-allocating 0 bytes for permanent pool.
LogInit: Object subsystem initialized
LogConfig: Setting CVar [[con.DebugEarlyDefault:1]]
LogConfig: Setting CVar [[r.setres:1280x720]]
[2024.02.20-11.03.20:472][  0]LogConfig: Setting CVar [[r.VSync:0]]
[2024.02.20-11.03.20:472][  0]LogConfig: Setting CVar [[r.RHICmdBypass:0]]
[2024.02.20-11.03.20:472][  0]LogConfig: Applying CVar settings from Section [/Script/Engine.RendererSettings] File [D:/MyProject7/Saved/Config/Windows/Engine.ini]
[2024.02.20-11.03.20:472][  0]LogConfig: Setting CVar [[r.GPUCrashDebugging:0]]
[2024.02.20-11.03.20:472][  0]LogConfig: Applying CVar settings from Section [/Script/Engine.RendererOverrideSettings] File [D:/MyProject7/Saved/Config/Windows/Engine.ini]
[2024.02.20-11.03.20:472][  0]LogConfig: Applying CVar settings from Section [/Script/Engine.StreamingSettings] File [D:/MyProject7/Saved/Config/Windows/Engine.ini]
[2024.02.20-11.03.20:472][  0]LogConfig: Setting CVar [[s.MinBulkDataSizeForAsyncLoading:131072]]
[2024.02.20-11.03.20:472][  0]LogConfig: Setting CVar [[s.AsyncLoadingThreadEnabled:0]]
[2024.02.20-11.03.20:472][  0]LogConfig: Setting CVar [[s.EventDrivenLoaderEnabled:1]]
[2024.02.20-11.03.20:472][  0]LogConfig: Setting CVar [[s.WarnIfTimeLimitExceeded:0]]
[2024.02.20-11.03.20:472][  0]LogConfig: Setting CVar [[s.TimeLimitExceededMultiplier:1.5]]
[2024.02.20-11.03.20:472][  0]LogConfig: Setting CVar [[s.TimeLimitExceededMinTime:0.005]]
[2024.02.20-11.03.20:472][  0]LogConfig: Setting CVar [[s.UseBackgroundLevelStreaming:1]]
[2024.02.20-11.03.20:472][  0]LogConfig: Setting CVar [[s.PriorityAsyncLoadingExtraTime:15.0]]
[2024.02.20-11.03.20:472][  0]LogConfig: Setting CVar [[s.LevelStreamingActorsUpdateTimeLimit:5.0]]
[2024.02.20-11.03.20:472][  0]LogConfig: Setting CVar [[s.PriorityLevelStreamingActorsUpdateExtraTime:5.0]]
[2024.02.20-11.03.20:472][  0]LogConfig: Setting CVar [[s.LevelStreamingComponentsRegistrationGranularity:10]]
[2024.02.20-11.03.20:472][  0]LogConfig: Setting CVar [[s.UnregisterComponentsTimeLimit:1.0]]
[2024.02.20-11.03.20:472][  0]LogConfig: Setting CVar [[s.LevelStreamingComponentsUnregistrationGranularity:5]]
[2024.02.20-11.03.20:472][  0]LogConfig: Applying CVar settings from Section [/Script/Engine.GarbageCollectionSettings] File [D:/MyProject7/Saved/Config/Windows/Engine.ini]
[2024.02.20-11.03.20:472][  0]LogConfig: Setting CVar [[gc.MaxObjectsNotConsideredByGC:1]]
[2024.02.20-11.03.20:472][  0]LogConfig: Setting CVar [[gc.SizeOfPermanentObjectPool:0]]
[2024.02.20-11.03.20:472][  0]LogConfig: Setting CVar [[gc.FlushStreamingOnGC:0]]
[2024.02.20-11.03.20:472][  0]LogConfig: Setting CVar [[gc.NumRetriesBeforeForcingGC:10]]
[2024.02.20-11.03.20:472][  0]LogConfig: Setting CVar [[gc.AllowParallelGC:1]]
[2024.02.20-11.03.20:472][  0]LogConfig: Setting CVar [[gc.TimeBetweenPurgingPendingKillObjects:61.1]]
[2024.02.20-11.03.20:472][  0]LogConfig: Setting CVar [[gc.MaxObjectsInEditor:16777216]]
[2024.02.20-11.03.20:472][  0]LogConfig: Setting CVar [[gc.IncrementalBeginDestroyEnabled:1]]
[2024.02.20-11.03.20:472][  0]LogConfig: Setting CVar [[gc.CreateGCClusters:1]]
[2024.02.20-11.03.20:472][  0]LogConfig: Setting CVar [[gc.MinGCClusterSize:5]]
[2024.02.20-11.03.20:472][  0]LogConfig: Setting CVar [[gc.ActorClusteringEnabled:0]]
[2024.02.20-11.03.20:473][  0]LogConfig: Setting CVar [[gc.BlueprintClusteringEnabled:0]]
[2024.02.20-11.03.20:473][  0]LogConfig: Setting CVar [[gc.UseDisregardForGCOnDedicatedServers:0]]
[2024.02.20-11.03.20:473][  0]LogConfig: Applying CVar settings from Section [/Script/Engine.NetworkSettings] File [D:/MyProject7/Saved/Config/Windows/Engine.ini]
[2024.02.20-11.03.20:473][  0]LogConfig: Applying CVar settings from Section [/Script/UnrealEd.CookerSettings] File [D:/MyProject7/Saved/Config/Windows/Engine.ini]
[2024.02.20-11.03.20:475][  0]LogConfig: Applying CVar settings from Section [ViewDistanceQuality@3] File [D:/MyProject7/Saved/Config/Windows/Scalability.ini]
[2024.02.20-11.03.20:475][  0]LogConfig: Setting CVar [[r.SkeletalMeshLODBias:0]]
[2024.02.20-11.03.20:475][  0]LogConfig: Setting CVar [[r.ViewDistanceScale:1.0]]
[2024.02.20-11.03.20:475][  0]LogConfig: Applying CVar settings from Section [AntiAliasingQuality@3] File [D:/MyProject7/Saved/Config/Windows/Scalability.ini]
[2024.02.20-11.03.20:475][  0]LogConfig: Setting CVar [[r.PostProcessAAQuality:4]]
[2024.02.20-11.03.20:475][  0]LogConfig: Applying CVar settings from Section [ShadowQuality@3] File [D:/MyProject7/Saved/Config/Windows/Scalability.ini]
[2024.02.20-11.03.20:475][  0]LogConfig: Setting CVar [[r.LightFunctionQuality:1]]
[2024.02.20-11.03.20:475][  0]LogConfig: Setting CVar [[r.ShadowQuality:5]]
[2024.02.20-11.03.20:475][  0]LogConfig: Setting CVar [[r.Shadow.CSM.MaxCascades:10]]
[2024.02.20-11.03.20:475][  0]LogConfig: Setting CVar [[r.Shadow.MaxResolution:2048]]
[2024.02.20-11.03.20:475][  0]LogConfig: Setting CVar [[r.Shadow.MaxCSMResolution:2048]]
[2024.02.20-11.03.20:475][  0]LogConfig: Setting CVar [[r.Shadow.RadiusThreshold:0.01]]
[2024.02.20-11.03.20:475][  0]LogConfig: Setting CVar [[r.Shadow.DistanceScale:1.0]]
[2024.02.20-11.03.20:475][  0]LogConfig: Setting CVar [[r.Shadow.CSM.TransitionScale:1.0]]
[2024.02.20-11.03.20:475][  0]LogConfig: Setting CVar [[r.Shadow.PreShadowResolutionFactor:1.0]]
[2024.02.20-11.03.20:475][  0]LogConfig: Setting CVar [[r.DistanceFieldShadowing:1]]
[2024.02.20-11.03.20:475][  0]LogConfig: Setting CVar [[r.DistanceFieldAO:1]]
[2024.02.20-11.03.20:475][  0]LogConfig: Setting CVar [[r.AOQuality:2]]
[2024.02.20-11.03.20:475][  0]LogConfig: Setting CVar [[r.VolumetricFog:1]]
[2024.02.20-11.03.20:475][  0]LogConfig: Setting CVar [[r.VolumetricFog.GridPixelSize:8]]
[2024.02.20-11.03.20:475][  0]LogConfig: Setting CVar [[r.VolumetricFog.GridSizeZ:128]]
[2024.02.20-11.03.20:475][  0]LogConfig: Setting CVar [[r.VolumetricFog.HistoryMissSupersampleCount:4]]
[2024.02.20-11.03.20:475][  0]LogConfig: Setting CVar [[r.LightMaxDrawDistanceScale:1]]
[2024.02.20-11.03.20:475][  0]LogConfig: Setting CVar [[r.CapsuleShadows:1]]
[2024.02.20-11.03.20:475][  0]LogConfig: Applying CVar settings from Section [PostProcessQuality@3] File [D:/MyProject7/Saved/Config/Windows/Scalability.ini]
[2024.02.20-11.03.20:475][  0]LogConfig: Setting CVar [[r.MotionBlurQuality:4]]
[2024.02.20-11.03.20:475][  0]LogConfig: Setting CVar [[r.AmbientOcclusionMipLevelFactor:0.4]]
[2024.02.20-11.03.20:475][  0]LogConfig: Setting CVar [[r.AmbientOcclusionMaxQuality:100]]
[2024.02.20-11.03.20:475][  0]LogConfig: Setting CVar [[r.AmbientOcclusionLevels:-1]]
[2024.02.20-11.03.20:475][  0]LogConfig: Setting CVar [[r.AmbientOcclusionRadiusScale:1.0]]
[2024.02.20-11.03.20:475][  0]LogConfig: Setting CVar [[r.DepthOfFieldQuality:2]]
[2024.02.20-11.03.20:475][  0]LogConfig: Setting CVar [[r.RenderTargetPoolMin:400]]
[2024.02.20-11.03.20:475][  0]LogConfig: Setting CVar [[r.LensFlareQuality:2]]
[2024.02.20-11.03.20:475][  0]LogConfig: Setting CVar [[r.SceneColorFringeQuality:1]]
[2024.02.20-11.03.20:475][  0]LogConfig: Setting CVar [[r.EyeAdaptationQuality:2]]
[2024.02.20-11.03.20:475][  0]LogConfig: Setting CVar [[r.BloomQuality:5]]
[2024.02.20-11.03.20:475][  0]LogConfig: Setting CVar [[r.FastBlurThreshold:100]]
[2024.02.20-11.03.20:475][  0]LogConfig: Setting CVar [[r.Upscale.Quality:3]]
[2024.02.20-11.03.20:475][  0]LogConfig: Setting CVar [[r.Tonemapper.GrainQuantization:1]]
[2024.02.20-11.03.20:475][  0]LogConfig: Setting CVar [[r.LightShaftQuality:1]]
[2024.02.20-11.03.20:475][  0]LogConfig: Setting CVar [[r.Filter.SizeScale:1]]
[2024.02.20-11.03.20:475][  0]LogConfig: Setting CVar [[r.Tonemapper.Quality:5]]
[2024.02.20-11.03.20:475][  0]LogConfig: Setting CVar [[r.DOF.Gather.AccumulatorQuality:1        ; higher gathering accumulator quality]]
[2024.02.20-11.03.20:475][  0]LogConfig: Setting CVar [[r.DOF.Gather.PostfilterMethod:1          ; Median3x3 postfilering method]]
[2024.02.20-11.03.20:475][  0]LogConfig: Setting CVar [[r.DOF.Gather.EnableBokehSettings:0       ; no bokeh simulation when gathering]]
[2024.02.20-11.03.20:475][  0]LogConfig: Setting CVar [[r.DOF.Gather.RingCount:4                 ; medium number of samples when gathering]]
[2024.02.20-11.03.20:475][  0]LogConfig: Setting CVar [[r.DOF.Scatter.ForegroundCompositing:1    ; additive foreground scattering]]
[2024.02.20-11.03.20:475][  0]LogConfig: Setting CVar [[r.DOF.Scatter.BackgroundCompositing:2    ; additive background scattering]]
[2024.02.20-11.03.20:475][  0]LogConfig: Setting CVar [[r.DOF.Scatter.EnableBokehSettings:1      ; bokeh simulation when scattering]]
[2024.02.20-11.03.20:475][  0]LogConfig: Setting CVar [[r.DOF.Scatter.MaxSpriteRatio:0.1         ; only a maximum of 10% of scattered bokeh]]
[2024.02.20-11.03.20:475][  0]LogConfig: Setting CVar [[r.DOF.Recombine.Quality:1                ; cheap slight out of focus]]
[2024.02.20-11.03.20:475][  0]LogConfig: Setting CVar [[r.DOF.Recombine.EnableBokehSettings:0    ; no bokeh simulation on slight out of focus]]
[2024.02.20-11.03.20:475][  0]LogConfig: Setting CVar [[r.DOF.TemporalAAQuality:1                ; more stable temporal accumulation]]
[2024.02.20-11.03.20:475][  0]LogConfig: Setting CVar [[r.DOF.Kernel.MaxForegroundRadius:0.025]]
[2024.02.20-11.03.20:475][  0]LogConfig: Setting CVar [[r.DOF.Kernel.MaxBackgroundRadius:0.025]]
[2024.02.20-11.03.20:475][  0]LogConfig: Applying CVar settings from Section [TextureQuality@3] File [D:/MyProject7/Saved/Config/Windows/Scalability.ini]
[2024.02.20-11.03.20:475][  0]LogConfig: Setting CVar [[r.Streaming.MipBias:0]]
[2024.02.20-11.03.20:475][  0]LogConfig: Setting CVar [[r.Streaming.AmortizeCPUToGPUCopy:0]]
[2024.02.20-11.03.20:475][  0]LogConfig: Setting CVar [[r.Streaming.MaxNumTexturesToStreamPerFrame:0]]
[2024.02.20-11.03.20:476][  0]LogConfig: Setting CVar [[r.Streaming.Boost:1]]
[2024.02.20-11.03.20:476][  0]LogConfig: Setting CVar [[r.MaxAnisotropy:8]]
[2024.02.20-11.03.20:476][  0]LogConfig: Setting CVar [[r.Streaming.LimitPoolSizeToVRAM:0]]
[2024.02.20-11.03.20:476][  0]LogConfig: Setting CVar [[r.Streaming.PoolSize:1000]]
[2024.02.20-11.03.20:476][  0]LogConfig: Setting CVar [[r.Streaming.MaxEffectiveScreenSize:0]]
[2024.02.20-11.03.20:476][  0]LogConfig: Applying CVar settings from Section [EffectsQuality@3] File [D:/MyProject7/Saved/Config/Windows/Scalability.ini]
[2024.02.20-11.03.20:476][  0]LogConfig: Setting CVar [[r.TranslucencyLightingVolumeDim:64]]
[2024.02.20-11.03.20:476][  0]LogConfig: Setting CVar [[r.RefractionQuality:2]]
[2024.02.20-11.03.20:476][  0]LogConfig: Setting CVar [[r.SSR.Quality:3]]
[2024.02.20-11.03.20:476][  0]LogConfig: Setting CVar [[r.SceneColorFormat:4]]
[2024.02.20-11.03.20:476][  0]LogConfig: Setting CVar [[r.DetailMode:2]]
[2024.02.20-11.03.20:476][  0]LogConfig: Setting CVar [[r.TranslucencyVolumeBlur:1]]
[2024.02.20-11.03.20:476][  0]LogConfig: Setting CVar [[r.MaterialQualityLevel:1 ; High quality]]
[2024.02.20-11.03.20:476][  0]LogConfig: Setting CVar [[r.SSS.Scale:1]]
[2024.02.20-11.03.20:476][  0]LogConfig: Setting CVar [[r.SSS.SampleSet:2]]
[2024.02.20-11.03.20:476][  0]LogConfig: Setting CVar [[r.SSS.Quality:1]]
[2024.02.20-11.03.20:476][  0]LogConfig: Setting CVar [[r.SSS.HalfRes:1]]
[2024.02.20-11.03.20:476][  0]LogConfig: Setting CVar [[r.EmitterSpawnRateScale:1.0]]
[2024.02.20-11.03.20:476][  0]LogConfig: Setting CVar [[r.ParticleLightQuality:2]]
[2024.02.20-11.03.20:476][  0]LogConfig: Applying CVar settings from Section [FoliageQuality@3] File [D:/MyProject7/Saved/Config/Windows/Scalability.ini]
[2024.02.20-11.03.20:476][  0]LogConfig: Setting CVar [[foliage.DensityScale:1.0]]
[2024.02.20-11.03.20:476][  0]LogConfig: Setting CVar [[grass.DensityScale:1.0]]
[2024.02.20-11.03.20:476][  0]LogInit: Selected Device Profile: [Windows]
[2024.02.20-11.03.20:476][  0]LogInit: Applying CVar settings loaded from the selected device profile: [Windows]
[2024.02.20-11.03.20:483][  0]LogHAL: Display: Platform has ~ 8 GB [7916019712 / 8589934592 / 8], which maps to Default [LargestMinGB=32, LargerMinGB=12, DefaultMinGB=8, SmallerMinGB=6, SmallestMinGB=0)
[2024.02.20-11.03.20:483][  0]LogConfig: Setting CVar [[r.Vulkan.UseRealUBs:0		; Required until we fix HLR fall-out]]
[2024.02.20-11.03.20:483][  0]LogInit: Going up to parent DeviceProfile []
[2024.02.20-11.03.20:483][  0]LogConfig: Applying CVar settings from Section [ViewDistanceQuality@2] File [D:/MyProject7/Saved/Config/Windows/Scalability.ini]
[2024.02.20-11.03.20:483][  0]LogConfig: Setting CVar [[r.SkeletalMeshLODBias:0]]
[2024.02.20-11.03.20:483][  0]LogConfig: Setting CVar [[r.ViewDistanceScale:0.8]]
[2024.02.20-11.03.20:483][  0]LogConfig: Applying CVar settings from Section [AntiAliasingQuality@2] File [D:/MyProject7/Saved/Config/Windows/Scalability.ini]
[2024.02.20-11.03.20:483][  0]LogConfig: Setting CVar [[r.PostProcessAAQuality:3]]
[2024.02.20-11.03.20:483][  0]LogConfig: Applying CVar settings from Section [ShadowQuality@3] File [D:/MyProject7/Saved/Config/Windows/Scalability.ini]
[2024.02.20-11.03.20:483][  0]LogConfig: Setting CVar [[r.LightFunctionQuality:1]]
[2024.02.20-11.03.20:483][  0]LogConfig: Setting CVar [[r.ShadowQuality:5]]
[2024.02.20-11.03.20:483][  0]LogConfig: Setting CVar [[r.Shadow.CSM.MaxCascades:10]]
[2024.02.20-11.03.20:483][  0]LogConfig: Setting CVar [[r.Shadow.MaxResolution:2048]]
[2024.02.20-11.03.20:483][  0]LogConfig: Setting CVar [[r.Shadow.MaxCSMResolution:2048]]
[2024.02.20-11.03.20:483][  0]LogConfig: Setting CVar [[r.Shadow.RadiusThreshold:0.01]]
[2024.02.20-11.03.20:483][  0]LogConfig: Setting CVar [[r.Shadow.DistanceScale:1.0]]
[2024.02.20-11.03.20:483][  0]LogConfig: Setting CVar [[r.Shadow.CSM.TransitionScale:1.0]]
[2024.02.20-11.03.20:483][  0]LogConfig: Setting CVar [[r.Shadow.PreShadowResolutionFactor:1.0]]
[2024.02.20-11.03.20:483][  0]LogConfig: Setting CVar [[r.DistanceFieldShadowing:1]]
[2024.02.20-11.03.20:483][  0]LogConfig: Setting CVar [[r.DistanceFieldAO:1]]
[2024.02.20-11.03.20:483][  0]LogConfig: Setting CVar [[r.AOQuality:2]]
[2024.02.20-11.03.20:483][  0]LogConfig: Setting CVar [[r.VolumetricFog:1]]
[2024.02.20-11.03.20:483][  0]LogConfig: Setting CVar [[r.VolumetricFog.GridPixelSize:8]]
[2024.02.20-11.03.20:483][  0]LogConfig: Setting CVar [[r.VolumetricFog.GridSizeZ:128]]
[2024.02.20-11.03.20:483][  0]LogConfig: Setting CVar [[r.VolumetricFog.HistoryMissSupersampleCount:4]]
[2024.02.20-11.03.20:483][  0]LogConfig: Setting CVar [[r.LightMaxDrawDistanceScale:1]]
[2024.02.20-11.03.20:483][  0]LogConfig: Setting CVar [[r.CapsuleShadows:1]]
[2024.02.20-11.03.20:483][  0]LogConfig: Applying CVar settings from Section [PostProcessQuality@2] File [D:/MyProject7/Saved/Config/Windows/Scalability.ini]
[2024.02.20-11.03.20:483][  0]LogConfig: Setting CVar [[r.MotionBlurQuality:3]]
[2024.02.20-11.03.20:483][  0]LogConfig: Setting CVar [[r.AmbientOcclusionMipLevelFactor:0.6]]
[2024.02.20-11.03.20:483][  0]LogConfig: Setting CVar [[r.AmbientOcclusionMaxQuality:100]]
[2024.02.20-11.03.20:483][  0]LogConfig: Setting CVar [[r.AmbientOcclusionLevels:-1]]
[2024.02.20-11.03.20:483][  0]LogConfig: Setting CVar [[r.AmbientOcclusionRadiusScale:1.5]]
[2024.02.20-11.03.20:483][  0]LogConfig: Setting CVar [[r.DepthOfFieldQuality:2]]
[2024.02.20-11.03.20:483][  0]LogConfig: Setting CVar [[r.RenderTargetPoolMin:400]]
[2024.02.20-11.03.20:483][  0]LogConfig: Setting CVar [[r.LensFlareQuality:2]]
[2024.02.20-11.03.20:483][  0]LogConfig: Setting CVar [[r.SceneColorFringeQuality:1]]
[2024.02.20-11.03.20:483][  0]LogConfig: Setting CVar [[r.EyeAdaptationQuality:2]]
[2024.02.20-11.03.20:483][  0]LogConfig: Setting CVar [[r.BloomQuality:5]]
[2024.02.20-11.03.20:483][  0]LogConfig: Setting CVar [[r.FastBlurThreshold:3]]
[2024.02.20-11.03.20:483][  0]LogConfig: Setting CVar [[r.Upscale.Quality:2]]
[2024.02.20-11.03.20:483][  0]LogConfig: Setting CVar [[r.Tonemapper.GrainQuantization:1]]
[2024.02.20-11.03.20:483][  0]LogConfig: Setting CVar [[r.LightShaftQuality:1]]
[2024.02.20-11.03.20:483][  0]LogConfig: Setting CVar [[r.Filter.SizeScale:0.8]]
[2024.02.20-11.03.20:483][  0]LogConfig: Setting CVar [[r.Tonemapper.Quality:5]]
[2024.02.20-11.03.20:483][  0]LogConfig: Setting CVar [[r.DOF.Gather.AccumulatorQuality:0        ; lower gathering accumulator quality]]
[2024.02.20-11.03.20:483][  0]LogConfig: Setting CVar [[r.DOF.Gather.PostfilterMethod:2          ; Max3x3 postfilering method]]
[2024.02.20-11.03.20:483][  0]LogConfig: Setting CVar [[r.DOF.Gather.EnableBokehSettings:0       ; no bokeh simulation when gathering]]
[2024.02.20-11.03.20:483][  0]LogConfig: Setting CVar [[r.DOF.Gather.RingCount:4                 ; medium number of samples when gathering]]
[2024.02.20-11.03.20:483][  0]LogConfig: Setting CVar [[r.DOF.Scatter.ForegroundCompositing:1    ; additive foreground scattering]]
[2024.02.20-11.03.20:483][  0]LogConfig: Setting CVar [[r.DOF.Scatter.BackgroundCompositing:1    ; no background occlusion]]
[2024.02.20-11.03.20:483][  0]LogConfig: Setting CVar [[r.DOF.Scatter.EnableBokehSettings:0      ; no bokeh simulation when scattering]]
[2024.02.20-11.03.20:483][  0]LogConfig: Setting CVar [[r.DOF.Scatter.MaxSpriteRatio:0.04        ; only a maximum of 4% of scattered bokeh]]
[2024.02.20-11.03.20:483][  0]LogConfig: Setting CVar [[r.DOF.Recombine.Quality:0                ; no slight out of focus]]
[2024.02.20-11.03.20:483][  0]LogConfig: Setting CVar [[r.DOF.TemporalAAQuality:0                ; faster temporal accumulation]]
[2024.02.20-11.03.20:483][  0]LogConfig: Setting CVar [[r.DOF.Kernel.MaxForegroundRadius:0.012   ; required because of AccumulatorQuality=0]]
[2024.02.20-11.03.20:483][  0]LogConfig: Setting CVar [[r.DOF.Kernel.MaxBackgroundRadius:0.012   ; required because of AccumulatorQuality=0]]
[2024.02.20-11.03.20:483][  0]LogConfig: Applying CVar settings from Section [TextureQuality@2] File [D:/MyProject7/Saved/Config/Windows/Scalability.ini]
[2024.02.20-11.03.20:483][  0]LogConfig: Setting CVar [[r.Streaming.MipBias:0]]
[2024.02.20-11.03.20:483][  0]LogConfig: Setting CVar [[r.Streaming.AmortizeCPUToGPUCopy:0]]
[2024.02.20-11.03.20:483][  0]LogConfig: Setting CVar [[r.Streaming.MaxNumTexturesToStreamPerFrame:0]]
[2024.02.20-11.03.20:483][  0]LogConfig: Setting CVar [[r.Streaming.Boost:1]]
[2024.02.20-11.03.20:483][  0]LogConfig: Setting CVar [[r.MaxAnisotropy:4]]
[2024.02.20-11.03.20:483][  0]LogConfig: Setting CVar [[r.Streaming.LimitPoolSizeToVRAM:1]]
[2024.02.20-11.03.20:483][  0]LogConfig: Setting CVar [[r.Streaming.PoolSize:800]]
[2024.02.20-11.03.20:483][  0]LogConfig: Setting CVar [[r.Streaming.MaxEffectiveScreenSize:0]]
[2024.02.20-11.03.20:483][  0]LogConfig: Applying CVar settings from Section [EffectsQuality@3] File [D:/MyProject7/Saved/Config/Windows/Scalability.ini]
[2024.02.20-11.03.20:484][  0]LogConfig: Setting CVar [[r.TranslucencyLightingVolumeDim:64]]
[2024.02.20-11.03.20:484][  0]LogConfig: Setting CVar [[r.RefractionQuality:2]]
[2024.02.20-11.03.20:484][  0]LogConfig: Setting CVar [[r.SSR.Quality:3]]
[2024.02.20-11.03.20:484][  0]LogConfig: Setting CVar [[r.SceneColorFormat:4]]
[2024.02.20-11.03.20:484][  0]LogConfig: Setting CVar [[r.DetailMode:2]]
[2024.02.20-11.03.20:484][  0]LogConfig: Setting CVar [[r.TranslucencyVolumeBlur:1]]
[2024.02.20-11.03.20:484][  0]LogConfig: Setting CVar [[r.MaterialQualityLevel:1 ; High quality]]
[2024.02.20-11.03.20:484][  0]LogConfig: Setting CVar [[r.SSS.Scale:1]]
[2024.02.20-11.03.20:484][  0]LogConfig: Setting CVar [[r.SSS.SampleSet:2]]
[2024.02.20-11.03.20:484][  0]LogConfig: Setting CVar [[r.SSS.Quality:1]]
[2024.02.20-11.03.20:484][  0]LogConfig: Setting CVar [[r.SSS.HalfRes:1]]
[2024.02.20-11.03.20:484][  0]LogConfig: Setting CVar [[r.EmitterSpawnRateScale:1.0]]
[2024.02.20-11.03.20:484][  0]LogConfig: Setting CVar [[r.ParticleLightQuality:2]]
[2024.02.20-11.03.20:484][  0]LogConfig: Applying CVar settings from Section [FoliageQuality@2] File [D:/MyProject7/Saved/Config/Windows/Scalability.ini]
[2024.02.20-11.03.20:484][  0]LogConfig: Setting CVar [[foliage.DensityScale:0.8]]
[2024.02.20-11.03.20:484][  0]LogConfig: Setting CVar [[grass.DensityScale:0.8]]
[2024.02.20-11.03.20:484][  0]LogConfig: Applying CVar settings from Section [Startup] File [../../../Engine/Config/ConsoleVariables.ini]
[2024.02.20-11.03.20:484][  0]LogConfig: Setting CVar [[net.UseAdaptiveNetUpdateFrequency:0]]
[2024.02.20-11.03.20:484][  0]LogConfig: Setting CVar [[p.chaos.AllowCreatePhysxBodies:1]]
[2024.02.20-11.03.20:484][  0]LogConfig: Applying CVar settings from Section [ConsoleVariables] File [D:/MyProject7/Saved/Config/Windows/Engine.ini]
[2024.02.20-11.03.20:484][  0]LogInit: Computer: LAPTOP-SU5LHTFL
[2024.02.20-11.03.20:484][  0]LogInit: User: Admin
[2024.02.20-11.03.20:484][  0]LogInit: CPU Page size=4096, Cores=6
[2024.02.20-11.03.20:484][  0]LogInit: High frequency timer resolution =10.000000 MHz
[2024.02.20-11.03.20:484][  0]LogMemory: Memory total: Physical=7.4GB (8GB approx)
[2024.02.20-11.03.20:484][  0]LogMemory: Platform Memory Stats for Windows
[2024.02.20-11.03.20:484][  0]LogMemory: Process Physical Memory: 98.19 MB used, 98.19 MB peak
[2024.02.20-11.03.20:484][  0]LogMemory: Process Virtual Memory: 86.32 MB used, 86.32 MB peak
[2024.02.20-11.03.20:484][  0]LogMemory: Physical Memory: 4676.23 MB used,  2873.08 MB free, 7549.30 MB total
[2024.02.20-11.03.20:484][  0]LogMemory: Virtual Memory: 4636.55 MB used,  134213088.00 MB free, 134217728.00 MB total
[2024.02.20-11.03.20:512][  0]LogInit: Using OS detected language (ru-RU).
[2024.02.20-11.03.20:512][  0]LogInit: Using OS detected locale (ru-RU).
[2024.02.20-11.03.20:512][  0]LogTextLocalizationManager: No specific localization for 'ru-RU' exists, so the 'ru' localization will be used.
[2024.02.20-11.03.20:513][  0]LogTextLocalizationResource: LocRes '../../../Engine/Content/Localization/Editor/ru/Editor.locres' could not be opened for reading!
[2024.02.20-11.03.20:513][  0]LogTextLocalizationResource: LocRes '../../../Engine/Content/Localization/EditorTutorials/ru/EditorTutorials.locres' could not be opened for reading!
[2024.02.20-11.03.20:513][  0]LogTextLocalizationResource: LocRes '../../../Engine/Content/Localization/Keywords/ru/Keywords.locres' could not be opened for reading!
[2024.02.20-11.03.20:513][  0]LogTextLocalizationResource: LocRes '../../../Engine/Content/Localization/Category/ru/Category.locres' could not be opened for reading!
[2024.02.20-11.03.20:513][  0]LogTextLocalizationResource: LocRes '../../../Engine/Content/Localization/ToolTips/ru/ToolTips.locres' could not be opened for reading!
[2024.02.20-11.03.20:513][  0]LogTextLocalizationResource: LocRes '../../../Engine/Content/Localization/PropertyNames/ru/PropertyNames.locres' could not be opened for reading!
[2024.02.20-11.03.20:513][  0]LogTextLocalizationResource: LocRes '../../../Engine/Content/Localization/Engine/ru/Engine.locres' could not be opened for reading!
[2024.02.20-11.03.20:513][  0]LogInit: Setting process to per monitor DPI aware
[2024.02.20-11.03.20:535][  0]LogSlate: New Slate User Created.  User Index 0, Is Virtual User: 0
[2024.02.20-11.03.20:535][  0]LogSlate: Slate User Registered.  User Index 0, Is Virtual User: 0
[2024.02.20-11.03.20:671][  0]LogHMD: Failed to initialize OpenVR with code 110
[2024.02.20-11.03.20:671][  0]LogD3D11RHI: D3D11 adapters:
[2024.02.20-11.03.20:702][  0]LogD3D11RHI:    0. 'AMD Radeon(TM) Graphics' (Feature Level 11_0)
[2024.02.20-11.03.20:702][  0]LogD3D11RHI:       496/0/3774 MB DedicatedVideo/DedicatedSystem/SharedSystem, Outputs:1, VendorId:0x1002
[2024.02.20-11.03.20:704][  0]LogD3D11RHI:    1. 'Microsoft Basic Render Driver' (Feature Level 11_0)
[2024.02.20-11.03.20:704][  0]LogD3D11RHI:       0/0/3774 MB DedicatedVideo/DedicatedSystem/SharedSystem, Outputs:0, VendorId:0x1414
[2024.02.20-11.03.20:704][  0]LogD3D11RHI: Chosen D3D11 Adapter: 0
[2024.02.20-11.03.20:709][  0]LogD3D11RHI: Creating new Direct3DDevice
[2024.02.20-11.03.20:709][  0]LogD3D11RHI:     GPU DeviceId: 0x1636 (for the marketing name, search the web for "GPU Device Id")
[2024.02.20-11.03.20:709][  0]LogWindows: EnumDisplayDevices:
[2024.02.20-11.03.20:709][  0]LogWindows:    0. 'AMD Radeon(TM) Graphics' (P:1 D:1)
[2024.02.20-11.03.20:710][  0]LogWindows:    1. 'AMD Radeon(TM) Graphics' (P:0 D:0)
[2024.02.20-11.03.20:710][  0]LogWindows:    2. 'AMD Radeon(TM) Graphics' (P:0 D:0)
[2024.02.20-11.03.20:710][  0]LogWindows:    3. 'AMD Radeon(TM) Graphics' (P:0 D:0)
[2024.02.20-11.03.20:710][  0]LogWindows: DebugString: FoundDriverCount:4 
[2024.02.20-11.03.20:710][  0]LogD3D11RHI:     Adapter Name: AMD Radeon(TM) Graphics
[2024.02.20-11.03.20:710][  0]LogD3D11RHI:   Driver Version: Adrenalin 20.10.32.01 (internal:27.20.11032.1001, unified:27.20.11032.1001)
[2024.02.20-11.03.20:710][  0]LogD3D11RHI:      Driver Date: 8-28-2020
[2024.02.20-11.03.20:710][  0]LogRHI: Texture pool is 347 MB (70% of 496 MB)
[2024.02.20-11.03.20:738][  0]LogD3D11RHI: Async texture creation enabled
[2024.02.20-11.03.20:742][  0]LogRendererCore: FGlobalReadBuffer::InitRHI
[2024.02.20-11.03.20:743][  0]LogRendererCore: FGlobalReadBuffer::InitRHI
[2024.02.20-11.03.20:743][  0]LogRendererCore: FGlobalReadBuffer::InitRHI
[2024.02.20-11.03.20:753][  0]LogD3D11RHI: GPU Timing Frequency: 100.000000 (Debug: 2 1)
[2024.02.20-11.03.20:976][  0]LogTemp: Display: Module 'AllDesktopTargetPlatform' loaded TargetPlatform 'AllDesktop'
[2024.02.20-11.03.20:988][  0]LogTemp: Display: Module 'MacClientTargetPlatform' loaded TargetPlatform 'MacClient'
[2024.02.20-11.03.21:000][  0]LogTemp: Display: Module 'MacNoEditorTargetPlatform' loaded TargetPlatform 'MacNoEditor'
[2024.02.20-11.03.21:012][  0]LogTemp: Display: Module 'MacServerTargetPlatform' loaded TargetPlatform 'MacServer'
[2024.02.20-11.03.21:024][  0]LogTemp: Display: Module 'MacTargetPlatform' loaded TargetPlatform 'Mac'
[2024.02.20-11.03.21:036][  0]LogTemp: Display: Module 'WindowsClientTargetPlatform' loaded TargetPlatform 'WindowsClient'
[2024.02.20-11.03.21:048][  0]LogTemp: Display: Module 'WindowsNoEditorTargetPlatform' loaded TargetPlatform 'WindowsNoEditor'
[2024.02.20-11.03.21:059][  0]LogTemp: Display: Module 'WindowsServerTargetPlatform' loaded TargetPlatform 'WindowsServer'
[2024.02.20-11.03.21:065][  0]LogTemp: Display: Module 'WindowsTargetPlatform' loaded TargetPlatform 'Windows'
[2024.02.20-11.03.21:140][  0]LogTemp: Display: Module 'AndroidTargetPlatform' loaded TargetPlatform 'Android'
[2024.02.20-11.03.21:140][  0]LogTemp: Display: Module 'AndroidTargetPlatform' loaded TargetPlatform 'Android_ASTC'
[2024.02.20-11.03.21:140][  0]LogTemp: Display: Module 'AndroidTargetPlatform' loaded TargetPlatform 'Android_ATC'
[2024.02.20-11.03.21:140][  0]LogTemp: Display: Module 'AndroidTargetPlatform' loaded TargetPlatform 'Android_DXT'
[2024.02.20-11.03.21:140][  0]LogTemp: Display: Module 'AndroidTargetPlatform' loaded TargetPlatform 'Android_ETC1'
[2024.02.20-11.03.21:140][  0]LogTemp: Display: Module 'AndroidTargetPlatform' loaded TargetPlatform 'Android_ETC1a'
[2024.02.20-11.03.21:140][  0]LogTemp: Display: Module 'AndroidTargetPlatform' loaded TargetPlatform 'Android_ETC2'
[2024.02.20-11.03.21:140][  0]LogTemp: Display: Module 'AndroidTargetPlatform' loaded TargetPlatform 'Android_PVRTC'
[2024.02.20-11.03.21:140][  0]LogTemp: Display: Module 'AndroidTargetPlatform' loaded TargetPlatform 'AndroidClient'
[2024.02.20-11.03.21:140][  0]LogTemp: Display: Module 'AndroidTargetPlatform' loaded TargetPlatform 'Android_ASTCClient'
[2024.02.20-11.03.21:140][  0]LogTemp: Display: Module 'AndroidTargetPlatform' loaded TargetPlatform 'Android_ATCClient'
[2024.02.20-11.03.21:140][  0]LogTemp: Display: Module 'AndroidTargetPlatform' loaded TargetPlatform 'Android_DXTClient'
[2024.02.20-11.03.21:140][  0]LogTemp: Display: Module 'AndroidTargetPlatform' loaded TargetPlatform 'Android_ETC1Client'
[2024.02.20-11.03.21:140][  0]LogTemp: Display: Module 'AndroidTargetPlatform' loaded TargetPlatform 'Android_ETC1aClient'
[2024.02.20-11.03.21:140][  0]LogTemp: Display: Module 'AndroidTargetPlatform' loaded TargetPlatform 'Android_ETC2Client'
[2024.02.20-11.03.21:140][  0]LogTemp: Display: Module 'AndroidTargetPlatform' loaded TargetPlatform 'Android_PVRTCClient'
[2024.02.20-11.03.21:140][  0]LogTemp: Display: Module 'AndroidTargetPlatform' loaded TargetPlatform 'Android_Multi'
[2024.02.20-11.03.21:140][  0]LogTemp: Display: Module 'AndroidTargetPlatform' loaded TargetPlatform 'Android_MultiClient'
[2024.02.20-11.03.21:142][  0]LogTemp: Display: Module 'HTML5TargetPlatform' loaded TargetPlatform 'HTML5'
[2024.02.20-11.03.21:189][  0]LogTemp: Display: Module 'IOSTargetPlatform' loaded TargetPlatform 'IOSClient'
[2024.02.20-11.03.21:189][  0]LogTemp: Display: Module 'IOSTargetPlatform' loaded TargetPlatform 'IOS'
[2024.02.20-11.03.21:210][  0]LogTemp: Display: Module 'TVOSTargetPlatform' loaded TargetPlatform 'TVOSClient'
[2024.02.20-11.03.21:210][  0]LogTemp: Display: Module 'TVOSTargetPlatform' loaded TargetPlatform 'TVOS'
[2024.02.20-11.03.21:222][  0]LogTemp: Display: Module 'LinuxClientTargetPlatform' loaded TargetPlatform 'LinuxClient'
[2024.02.20-11.03.21:233][  0]LogTemp: Display: Module 'LinuxNoEditorTargetPlatform' loaded TargetPlatform 'LinuxNoEditor'
[2024.02.20-11.03.21:244][  0]LogTemp: Display: Module 'LinuxServerTargetPlatform' loaded TargetPlatform 'LinuxServer'
[2024.02.20-11.03.21:256][  0]LogTemp: Display: Module 'LinuxTargetPlatform' loaded TargetPlatform 'Linux'
[2024.02.20-11.03.21:296][  0]LogTemp: Display: Module 'LuminTargetPlatform' loaded TargetPlatform 'Lumin'
[2024.02.20-11.03.21:296][  0]LogTemp: Display: Module 'LuminTargetPlatform' loaded TargetPlatform 'LuminClient'
[2024.02.20-11.03.21:296][  0]LogTargetPlatformManager: Display: Building Assets For Windows
[2024.02.20-11.03.21:302][  0]LogAudioDebug: Display: Lib vorbis DLL was dynamically loaded.
[2024.02.20-11.03.21:333][  0]LogShaderCompilers: Guid format shader working directory is 21 characters bigger than the processId version (../../../../../MyProject7/Intermediate/Shaders/WorkingDirectory/1016/).
[2024.02.20-11.03.21:333][  0]LogShaderCompilers: Cleaned the shader compiler working directory 'C:/Users/Admin/AppData/Local/Temp/UnrealShaderWorkingDir/5EC91FA2477742980E5AB4AA9E60D4FF/'.
[2024.02.20-11.03.21:334][  0]LogXGEController: Cannot use XGE Controller as Incredibuild is not installed on this machine.
[2024.02.20-11.03.21:334][  0]LogShaderCompilers: Cannot use XGE Shader Compiler as Incredibuild is not installed on this machine.
[2024.02.20-11.03.21:334][  0]LogShaderCompilers: Display: Using Local Shader Compiler.
[2024.02.20-11.03.21:778][  0]LogDerivedDataCache: Display: Max Cache Size: 512 MB
[2024.02.20-11.03.21:822][  0]LogDerivedDataCache: Loaded boot cache 0.04s 71MB C:/Users/Admin/AppData/Local/UnrealEngine/4.22/DerivedDataCache/Boot.ddc.
[2024.02.20-11.03.21:822][  0]LogDerivedDataCache: Display: Loaded Boot cache: C:/Users/Admin/AppData/Local/UnrealEngine/4.22/DerivedDataCache/Boot.ddc
[2024.02.20-11.03.21:823][  0]LogDerivedDataCache: FDerivedDataBackendGraph:  Pak pak cache file ../../../../../MyProject7/DerivedDataCache/DDC.ddp not found, will not use a pak cache.
[2024.02.20-11.03.21:823][  0]LogDerivedDataCache: Unable to find inner node Pak for hierarchical cache Hierarchy.
[2024.02.20-11.03.21:823][  0]LogDerivedDataCache: FDerivedDataBackendGraph:  CompressedPak pak cache file ../../../../../MyProject7/DerivedDataCache/Compressed.ddp not found, will not use a pak cache.
[2024.02.20-11.03.21:823][  0]LogDerivedDataCache: Unable to find inner node CompressedPak for hierarchical cache Hierarchy.
[2024.02.20-11.03.21:834][  0]LogDerivedDataCache: Display: Pak cache opened for reading ../../../Engine/DerivedDataCache/Compressed.ddp.
[2024.02.20-11.03.21:835][  0]LogDerivedDataCache: FDerivedDataBackendGraph:  EnterprisePak pak cache file ../../../Enterprise/DerivedDataCache/Compressed.ddp not found, will not use a pak cache.
[2024.02.20-11.03.21:835][  0]LogDerivedDataCache: Unable to find inner node EnterprisePak for hierarchical cache Hierarchy.
[2024.02.20-11.03.21:847][  0]LogDerivedDataCache: Using Local data cache path C:/Users/Admin/AppData/Local/UnrealEngine/Common/DerivedDataCache: Writable
[2024.02.20-11.03.21:847][  0]LogDerivedDataCache: Shared data cache path not found in *engine.ini, will not use an Shared cache.
[2024.02.20-11.03.21:847][  0]LogDerivedDataCache: Unable to find inner node Shared for hierarchical cache Hierarchy.
[2024.02.20-11.03.21:869][  0]LogMaterial: Verifying Global Shaders for PCD3D_SM5
[2024.02.20-11.03.21:870][  0]LogSlate: Using FreeType 2.6.0
[2024.02.20-11.03.21:871][  0]LogSlate: SlateFontServices - WITH_FREETYPE: 1, WITH_HARFBUZZ: 1
[2024.02.20-11.03.21:942][  0]LogAssetRegistry: FAssetRegistry took 0.0330 seconds to start up
[2024.02.20-11.03.22:232][  0]LogInit: Selected Device Profile: [Windows]
[2024.02.20-11.03.22:275][  0]LogMeshReduction: Using QuadricMeshReduction for automatic static mesh reduction
[2024.02.20-11.03.22:275][  0]LogMeshReduction: Using SimplygonMeshReduction for automatic skeletal mesh reduction
[2024.02.20-11.03.22:275][  0]LogMeshReduction: Using ProxyLODMeshReduction for automatic mesh merging
[2024.02.20-11.03.22:275][  0]LogMeshReduction: No distributed automatic mesh merging module available
[2024.02.20-11.03.22:275][  0]LogMeshMerging: No distributed automatic mesh merging module available
[2024.02.20-11.03.22:346][  0]LogNetVersion: MyProject7 1.0.0, NetCL: 5660361, EngineNetVer: 10, GameNetVer: 0 (Checksum: 1329852419)
[2024.02.20-11.03.22:676][  0]LogPackageLocalizationCache: Processed 10 localized package path(s) for 1 prioritized culture(s) in 0.030387 seconds
[2024.02.20-11.03.22:683][  0]LogUObjectArray: 42205 objects as part of root set at end of initial load.
[2024.02.20-11.03.22:683][  0]LogUObjectAllocator: 7325032 out of 0 bytes used by permanent object pool.
[2024.02.20-11.03.22:683][  0]LogUObjectArray: CloseDisregardForGC: 0/0 objects in disregard for GC pool
[2024.02.20-11.03.23:321][  0]LogTcpMessaging: Initializing TcpMessaging bridge
[2024.02.20-11.03.23:336][  0]LogUdpMessaging: Initializing bridge on interface 0.0.0.0:0 to multicast group 230.0.0.1:6666.
[2024.02.20-11.03.23:439][  0]SourceControl: Source control is disabled
[2024.02.20-11.03.23:439][  0]SourceControl: Source control is disabled
[2024.02.20-11.03.23:440][  0]SourceControl: Source control is disabled
[2024.02.20-11.03.23:440][  0]SourceControl: Source control is disabled
[2024.02.20-11.03.23:449][  0]LogVSAccessor: Display: Unable to create Visual Studio setup instance: 80040154
[2024.02.20-11.03.23:450][  0]LogVSAccessor: Display: Unable to create Visual Studio setup instance: 80040154
[2024.02.20-11.03.23:511][  0]LogAndroidPermission: UAndroidPermissionCallbackProxy::GetInstance
[2024.02.20-11.03.23:614][  0]LogOcInput: OculusInput pre-init called
[2024.02.20-11.03.24:171][  0]LogEngine: Initializing Engine...
[2024.02.20-11.03.24:172][  0]LogHMD: Failed to initialize OpenVR with code 110
[2024.02.20-11.03.24:173][  0]LogStats: UGameplayTagsManager::InitializeManager -  0.000 s
[2024.02.20-11.03.24:361][  0]LogInit: Initializing FReadOnlyCVARCache
[2024.02.20-11.03.24:371][  0]LogAIModule: Creating AISystem for world Untitled
[2024.02.20-11.03.24:392][  0]LogInit: XAudio2 using 'Динамики (Realtek(R) Audio)' : 2 channels at 48 kHz using 32 bits per sample (channel mask 0x3)
[2024.02.20-11.03.24:698][  0]LogInit: FAudioDevice initialized.
[2024.02.20-11.03.24:698][  0]LogNetVersion: Set ProjectVersion to 1.0.0.0. Version Checksum will be recalculated on next use.
[2024.02.20-11.03.24:756][  0]LogDerivedDataCache: Saved boot cache 0.06s 71MB C:/Users/Admin/AppData/Local/UnrealEngine/4.22/DerivedDataCache/Boot.ddc.
[2024.02.20-11.03.24:762][  0]LogInit: Texture streaming: Enabled
[2024.02.20-11.03.24:775][  0]LogEngineSessionManager: EngineSessionManager initialized
[2024.02.20-11.03.24:791][  0]LogInit: Transaction tracking system initialized
[2024.02.20-11.03.24:804][  0]BlueprintLog: New page: Editor Load
[2024.02.20-11.03.24:860][  0]LocalizationService: Localization service is disabled
[2024.02.20-11.03.24:973][  0]LogVSAccessor: Display: Unable to create Visual Studio setup instance: 80040154
[2024.02.20-11.03.24:974][  0]LogVSAccessor: Display: Unable to create Visual Studio setup instance: 80040154
[2024.02.20-11.03.25:105][  0]LogFileCache: Scanning file cache for directory 'D:/MyProject7/Content/' took 0.01s
[2024.02.20-11.03.25:105][  0]LogCook: Display: Max memory allowance for cook 16384mb min free memory 0mb
[2024.02.20-11.03.25:105][  0]LogCook: Display: Mobile HDR setting 1
[2024.02.20-11.03.25:245][  0]SourceControl: Source control is disabled
[2024.02.20-11.03.25:245][  0]Cmd: MAP LOAD FILE="../../../../../MyProject7/Content/Arcanoid/Levels/Level_1.umap" TEMPLATE=0 SHOWPROGRESS=1 FEATURELEVEL=3
[2024.02.20-11.03.25:245][  0]LightingResults: New page: Lighting Build
[2024.02.20-11.03.25:247][  0]MapCheck: New page: Map Check
[2024.02.20-11.03.25:247][  0]LightingResults: New page: Lighting Build
[2024.02.20-11.03.25:268][  0]LogUObjectHash: Compacting FUObjectHashTables data took   2.02ms
[2024.02.20-11.03.25:478][  0]LogMaterial: Display: Missing cached shader map for material NewBaseFlattenMaterial, compiling. 
[2024.02.20-11.03.25:638][  0]LogAIModule: Creating AISystem for world Level_1
[2024.02.20-11.03.25:649][  0]LogEditorServer: Finished looking for orphan Actors (0.000 secs)
[2024.02.20-11.03.25:686][  0]LogUObjectHash: Compacting FUObjectHashTables data took   2.17ms
[2024.02.20-11.03.25:686][  0]Cmd: MAP CHECKDEP NOCLEARLOG
[2024.02.20-11.03.25:686][  0]MapCheck: Map check complete: 0 Error(s), 0 Warning(s), took 0,099ms to complete.
[2024.02.20-11.03.25:686][  0]LogFileHelpers: Loading map 'Level_1' took 0.441
[2024.02.20-11.03.25:786][  0]LogSlate: Updating window title bar state: overlay mode, drag disabled, window buttons hidden, title bar hidden
[2024.02.20-11.03.25:793][  0]LogSlate: Updating window title bar state: overlay mode, drag disabled, window buttons hidden, title bar hidden
[2024.02.20-11.03.25:799][  0]LogSlate: Updating window title bar state: overlay mode, drag disabled, window buttons hidden, title bar hidden
[2024.02.20-11.03.25:807][  0]LogSlate: Updating window title bar state: overlay mode, drag disabled, window buttons hidden, title bar hidden
[2024.02.20-11.03.25:811][  0]LogCollectionManager: Loaded 0 collections in 0.000752 seconds
[2024.02.20-11.03.25:842][  0]LogFileCache: Scanning file cache for directory 'D:/MyProject7/Saved/Collections/' took 0.01s
[2024.02.20-11.03.25:842][  0]LogFileCache: Scanning file cache for directory 'D:/MyProject7/Content/Developers/Admin/Collections/' took 0.01s
[2024.02.20-11.03.25:842][  0]LogFileCache: Scanning file cache for directory 'D:/MyProject7/Content/Collections/' took 0.00s
[2024.02.20-11.03.25:842][  0]LogCollectionManager: Rebuilt the GUID cache for 0 collections in 0.000000 seconds
[2024.02.20-11.03.25:851][  0]LogContentBrowser: Native class hierarchy populated in 0.0088 seconds. Added 2732 classes and 659 folders.
[2024.02.20-11.03.25:860][  0]LogContentBrowser: Native class hierarchy updated for 'WidgetCarousel' in 0.0003 seconds. Added 0 classes and 0 folders.
[2024.02.20-11.03.25:864][  0]LogPakFile: Registered encryption key '00000000000000000000000000000000': 0 pak files mounted, 0 remain pending
[2024.02.20-11.03.25:867][  0]LogPakFile: Registered encryption key '00000000000000000000000000000000': 0 pak files mounted, 0 remain pending
[2024.02.20-11.03.25:869][  0]LogPakFile: Registered encryption key '00000000000000000000000000000000': 0 pak files mounted, 0 remain pending
[2024.02.20-11.03.25:871][  0]LogPakFile: Registered encryption key '00000000000000000000000000000000': 0 pak files mounted, 0 remain pending
[2024.02.20-11.03.25:873][  0]LogPakFile: Registered encryption key '00000000000000000000000000000000': 0 pak files mounted, 0 remain pending
[2024.02.20-11.03.25:875][  0]LogPakFile: Registered encryption key '00000000000000000000000000000000': 0 pak files mounted, 0 remain pending
[2024.02.20-11.03.25:877][  0]LogPakFile: Registered encryption key '00000000000000000000000000000000': 0 pak files mounted, 0 remain pending
[2024.02.20-11.03.25:879][  0]LogPakFile: Registered encryption key '00000000000000000000000000000000': 0 pak files mounted, 0 remain pending
[2024.02.20-11.03.25:881][  0]LogPakFile: Registered encryption key '00000000000000000000000000000000': 0 pak files mounted, 0 remain pending
[2024.02.20-11.03.25:884][  0]LogPakFile: Registered encryption key '00000000000000000000000000000000': 0 pak files mounted, 0 remain pending
[2024.02.20-11.03.25:885][  0]LogPakFile: Registered encryption key '00000000000000000000000000000000': 0 pak files mounted, 0 remain pending
[2024.02.20-11.03.25:886][  0]LogPakFile: Registered encryption key '00000000000000000000000000000000': 0 pak files mounted, 0 remain pending
[2024.02.20-11.03.25:887][  0]LogPakFile: Registered encryption key '00000000000000000000000000000000': 0 pak files mounted, 0 remain pending
[2024.02.20-11.03.25:888][  0]LogPakFile: Registered encryption key '00000000000000000000000000000000': 0 pak files mounted, 0 remain pending
[2024.02.20-11.03.25:889][  0]LogPakFile: Registered encryption key '00000000000000000000000000000000': 0 pak files mounted, 0 remain pending
[2024.02.20-11.03.25:890][  0]LogPakFile: Registered encryption key '00000000000000000000000000000000': 0 pak files mounted, 0 remain pending
[2024.02.20-11.03.25:891][  0]LogPakFile: Registered encryption key '00000000000000000000000000000000': 0 pak files mounted, 0 remain pending
[2024.02.20-11.03.25:892][  0]LogPakFile: Registered encryption key '00000000000000000000000000000000': 0 pak files mounted, 0 remain pending
[2024.02.20-11.03.25:893][  0]LogPakFile: Registered encryption key '00000000000000000000000000000000': 0 pak files mounted, 0 remain pending
[2024.02.20-11.03.25:894][  0]LogPakFile: Registered encryption key '00000000000000000000000000000000': 0 pak files mounted, 0 remain pending
[2024.02.20-11.03.25:896][  0]LogPakFile: Registered encryption key '00000000000000000000000000000000': 0 pak files mounted, 0 remain pending
[2024.02.20-11.03.25:897][  0]LogPakFile: Registered encryption key '00000000000000000000000000000000': 0 pak files mounted, 0 remain pending
[2024.02.20-11.03.25:898][  0]LogPakFile: Registered encryption key '00000000000000000000000000000000': 0 pak files mounted, 0 remain pending
[2024.02.20-11.03.25:899][  0]LogPakFile: Registered encryption key '00000000000000000000000000000000': 0 pak files mounted, 0 remain pending
[2024.02.20-11.03.25:900][  0]LogPakFile: Registered encryption key '00000000000000000000000000000000': 0 pak files mounted, 0 remain pending
[2024.02.20-11.03.25:901][  0]LogPakFile: Registered encryption key '00000000000000000000000000000000': 0 pak files mounted, 0 remain pending
[2024.02.20-11.03.25:940][  0]LogContentBrowser: Native class hierarchy updated for 'AddContentDialog' in 0.0003 seconds. Added 0 classes and 0 folders.
[2024.02.20-11.03.25:947][  0]LogContentBrowser: Native class hierarchy updated for 'SceneOutliner' in 0.0003 seconds. Added 1 classes and 2 folders.
[2024.02.20-11.03.26:025][  0]LogSlate: Took 0.000177 seconds to synchronously load lazily loaded font '../../../Engine/Content/Slate/Fonts/Roboto-Regular.ttf' (155K)
[2024.02.20-11.03.26:027][  0]LogSlate: Took 0.000166 seconds to synchronously load lazily loaded font '../../../Engine/Content/Slate/Fonts/Roboto-Bold.ttf' (160K)
[2024.02.20-11.03.26:032][  0]LogSlate: Took 0.000628 seconds to synchronously load lazily loaded font '../../../Engine/Content/Editor/Slate/Fonts/FontAwesome.ttf' (139K)
[2024.02.20-11.03.26:084][  0]LogRenderer: Reallocating scene render targets to support 876x356 Format 10 NumSamples 1 (Frame:1).
[2024.02.20-11.03.26:276][  0]LogContentBrowser: Native class hierarchy updated for 'HierarchicalLODOutliner' in 0.0003 seconds. Added 0 classes and 0 folders.
[2024.02.20-11.03.26:276][  0]LogLoad: (Engine Initialization) Total time: 7.03 seconds
[2024.02.20-11.03.26:276][  0]LogLoad: (Engine Initialization) Total Blueprint compile time: 0.00 seconds
[2024.02.20-11.03.26:321][  0]LogAssetRegistry: Asset discovery search completed in 4.4030 seconds
[2024.02.20-11.03.26:323][  0]LogCollectionManager: Rebuilt the object cache for 0 collections in 0.000000 seconds (found 0 objects)
[2024.02.20-11.03.26:323][  0]LogCollectionManager: Fixed up redirectors for 0 collections in 0.000075 seconds (updated 0 objects)
[2024.02.20-11.03.26:325][  0]LogContentStreaming: Texture pool size now 800 MB
[2024.02.20-11.03.26:357][  0]LogSlate: Took 0.000787 seconds to synchronously load lazily loaded font '../../../Engine/Content/Slate/Fonts/Roboto-Light.ttf' (167K)
[2024.02.20-11.03.30:048][214]LogSlate: FSceneViewport::OnFocusLost() reason 0
[2024.02.20-11.03.30:230][224]LogSlate: Took 0.000199 seconds to synchronously load lazily loaded font '../../../Engine/Content/Slate/Fonts/Roboto-Light.ttf' (167K)
[2024.02.20-11.03.30:238][224]LogAssetEditorManager: Opening Asset editor for WidgetBlueprint /Game/Arcanoid/UI/WBP_Livel.WBP_Livel
[2024.02.20-11.03.30:473][224]LogContentBrowser: Native class hierarchy updated for 'BlueprintGraph' in 0.0006 seconds. Added 121 classes and 0 folders.
[2024.02.20-11.03.31:125][224]LogBlueprintActionDatabase: Requesting refresh due to module change: SequencerWidgets (loaded)
[2024.02.20-11.03.31:420][224]LogSlate: Took 0.001133 seconds to synchronously load lazily loaded font '../../../Engine/Content/Slate/Fonts/Roboto-BoldCondensed.ttf' (158K)
[2024.02.20-11.05.46:459][205]LogSlate: Window 'Tutorials' being destroyed
[2024.02.20-11.06.33:875][376]LogSlate: Took 0.009864 seconds to synchronously load lazily loaded font '../../../Engine/Content/Slate/Fonts/Roboto-Italic.ttf' (157K)
[2024.02.20-11.07.25:043][610]LogAssetEditorManager: Opening Asset editor for Blueprint /Game/Arcanoid/Blueprints/COre/BP_Pawn.BP_Pawn
[2024.02.20-11.09.18:346][878]LogWindowsTextInputMethodSystem: Display: IME system now deactivated.
[2024.02.20-11.09.18:346][878]LogWindowsTextInputMethodSystem: Display: IME system now deactivated.
[2024.02.20-11.09.56:284][932]LogWindowsTextInputMethodSystem: Display: IME system now deactivated.
[2024.02.20-11.09.56:284][932]LogWindowsTextInputMethodSystem: Display: IME system now deactivated.
[2024.02.20-11.13.05:818][ 75]LogAssetEditorManager: Opening Asset editor for Blueprint /Game/Arcanoid/Blueprints/COre/BP_Controller.BP_Controller
[2024.02.20-11.13.53:892][100]LogUObjectHash: Compacting FUObjectHashTables data took   6.40ms
[2024.02.20-11.13.53:892][100]LogFileHelpers: Editor autosave (incl. sublevels) for '/Game/Arcanoid/Levels/Level_1' took 0.070
[2024.02.20-11.13.53:894][100]OBJ SavePackage: Generating thumbnails for [0] asset(s) in package [/Game/Arcanoid/UI/WBP_Livel] ([1] browsable assets)...
[2024.02.20-11.13.53:894][100]OBJ SavePackage: Finished generating thumbnails for package [/Game/Arcanoid/UI/WBP_Livel]
[2024.02.20-11.13.53:894][100]Cmd: OBJ SAVEPACKAGE PACKAGE="/Game/Arcanoid/UI/WBP_Livel" FILE="../../../../../MyProject7/Saved/Autosaves/Game/Arcanoid/UI/WBP_Livel_Auto1.uasset" SILENT=false AUTOSAVING=true
[2024.02.20-11.13.53:903][100]LogSavePackage: Moving '../../../../../MyProject7/Saved/WBP_Livel_Auto1D98B22124853117528481BA9624A4545.tmp' to '../../../../../MyProject7/Saved/Autosaves/Game/Arcanoid/UI/WBP_Livel_Auto1.uasset'
[2024.02.20-11.13.53:904][100]LogFileHelpers: Auto-saving content packages took 0.011
[2024.02.20-11.19.32:598][807]BlueprintLog: New page: Compile WBP_Livel
[2024.02.20-11.19.32:656][807]LogUObjectHash: Compacting FUObjectHashTables data took   4.30ms
[2024.02.20-11.20.37:764][697]BlueprintLog: New page: Compile WBP_Livel
[2024.02.20-11.20.37:803][697]LogUObjectHash: Compacting FUObjectHashTables data took   3.97ms
[2024.02.20-11.20.40:656][857]LogActorComponent: UnregisterComponent: (/Engine/Transient.EditorFloorComp) Not registered. Aborting.
[2024.02.20-11.20.42:803][977]LogUObjectHash: Compacting FUObjectHashTables data took   5.22ms
[2024.02.20-11.20.42:824][977]Cmd: OBJ SAVEPACKAGE PACKAGE="/Game/Arcanoid/UI/WBP_Livel" FILE="../../../../../MyProject7/Content/Arcanoid/UI/WBP_Livel.uasset" SILENT=true
[2024.02.20-11.20.42:832][977]LogSavePackage: Moving '../../../../../MyProject7/Saved/WBP_LivelDBF678AE4DF0DB81D2DBE6ABA17DEBE2.tmp' to '../../../../../MyProject7/Content/Arcanoid/UI/WBP_Livel.uasset'
[2024.02.20-11.20.46:736][210]LogTemp: Repeating last play command: Selected Viewport
[2024.02.20-11.20.46:749][210]LogBlueprintUserMessages: Early PlayInEditor Detection: Level '/Game/Arcanoid/Levels/Level_1.Level_1:PersistentLevel' has LevelScriptBlueprint '/Game/Arcanoid/Levels/Level_1.Level_1:PersistentLevel.Level_1' with GeneratedClass '/Game/Arcanoid/Levels/Level_1.Level_1_C' with ClassGeneratedBy '/Game/Arcanoid/Levels/Level_1.Level_1:PersistentLevel.Level_1'
[2024.02.20-11.20.46:750][210]LogPlayLevel: PlayLevel: No blueprints needed recompiling
[2024.02.20-11.20.46:755][210]PIE: New page: PIE session: Level_1 (21 февр. 2024 г., 7:20:46)
[2024.02.20-11.20.46:771][210]LogLinker: Warning: Can't find file '/Game/Arcanoid/Blueprints/BP_GameInstace'
[2024.02.20-11.20.46:771][210]LogLinker: Warning: Can't find file '/Game/Arcanoid/Blueprints/BP_GameInstace'
[2024.02.20-11.20.46:771][210]LogUObjectGlobals: Warning: Failed to find object 'Class /Game/Arcanoid/Blueprints/BP_GameInstace.BP_GameInstace_C'
[2024.02.20-11.20.46:772][210]LogPlayLevel: Creating play world package: /Game/Arcanoid/Levels/UEDPIE_0_Level_1
[2024.02.20-11.20.46:778][210]LogPlayLevel: PIE: StaticDuplicateObject took: (0.005801s)
[2024.02.20-11.20.46:779][210]LogAIModule: Creating AISystem for world Level_1
[2024.02.20-11.20.46:780][210]LogPlayLevel: PIE: World Init took: (0.001989s)
[2024.02.20-11.20.46:780][210]LogPlayLevel: PIE: Created PIE world by copying editor world from /Game/Arcanoid/Levels/Level_1.Level_1 to /Game/Arcanoid/Levels/UEDPIE_0_Level_1.Level_1 (0.008105s)
[2024.02.20-11.20.46:829][210]LogUObjectHash: Compacting FUObjectHashTables data took   3.47ms
[2024.02.20-11.20.46:835][210]LogInit: XAudio2 using 'Динамики (Realtek(R) Audio)' : 2 channels at 48 kHz using 32 bits per sample (channel mask 0x3)
[2024.02.20-11.20.46:876][210]LogInit: FAudioDevice initialized.
[2024.02.20-11.20.46:921][210]LogLoad: Game class is 'BP_GameMode_C'
[2024.02.20-11.20.46:923][210]LogWorld: Bringing World /Game/Arcanoid/Levels/UEDPIE_0_Level_1.Level_1 up for play (max tick rate 60) at 2024.02.20-21.20.46
[2024.02.20-11.20.46:927][210]LogWorld: Bringing up level for play took: 0.005137
[2024.02.20-11.20.46:949][210]LogBlueprintActionDatabase: Requesting refresh due to module change: Voice (loaded)
[2024.02.20-11.20.46:953][210]LogBlueprintActionDatabase: Requesting refresh due to module change: MovieSceneCapture (loaded)
[2024.02.20-11.20.46:953][210]LogContentBrowser: Native class hierarchy updated for 'MovieSceneCapture' in 0.0004 seconds. Added 20 classes and 0 folders.
[2024.02.20-11.20.46:966][210]PIE: Play in editor start time for /Game/Arcanoid/Levels/UEDPIE_0_Level_1 0,844
[2024.02.20-11.20.46:967][210]LogBlueprintUserMessages: Late PlayInEditor Detection: Level '/Game/Arcanoid/Levels/Level_1.Level_1:PersistentLevel' has LevelScriptBlueprint '/Game/Arcanoid/Levels/Level_1.Level_1:PersistentLevel.Level_1' with GeneratedClass '/Game/Arcanoid/Levels/Level_1.Level_1_C' with ClassGeneratedBy '/Game/Arcanoid/Levels/Level_1.Level_1:PersistentLevel.Level_1'
[2024.02.20-11.21.20:162][181]LogBlueprintUserMessages: Early EndPlayMap Detection: Level '/Game/Arcanoid/Levels/Level_1.Level_1:PersistentLevel' has LevelScriptBlueprint '/Game/Arcanoid/Levels/Level_1.Level_1:PersistentLevel.Level_1' with GeneratedClass '/Game/Arcanoid/Levels/Level_1.Level_1_C' with ClassGeneratedBy '/Game/Arcanoid/Levels/Level_1.Level_1:PersistentLevel.Level_1'
[2024.02.20-11.21.20:163][181]LogSlate: Updating window title bar state: overlay mode, drag disabled, window buttons hidden, title bar hidden
[2024.02.20-11.21.20:198][181]LogPlayLevel: Display: Shutting down PIE online subsystems
[2024.02.20-11.21.20:199][181]LogBlueprintUserMessages: Late EndPlayMap Detection: Level '/Game/Arcanoid/Levels/Level_1.Level_1:PersistentLevel' has LevelScriptBlueprint '/Game/Arcanoid/Levels/Level_1.Level_1:PersistentLevel.Level_1' with GeneratedClass '/Game/Arcanoid/Levels/Level_1.Level_1_C' with ClassGeneratedBy '/Game/Arcanoid/Levels/Level_1.Level_1:PersistentLevel.Level_1'
[2024.02.20-11.21.20:247][181]LogSlate: Updating window title bar state: overlay mode, drag disabled, window buttons hidden, title bar hidden
[2024.02.20-11.21.20:295][181]LogUObjectHash: Compacting FUObjectHashTables data took   5.44ms
[2024.02.20-11.21.20:323][182]LogPlayLevel: Display: Destroying online subsystem :Context_10
[2024.02.20-11.21.32:030][880]LogSlate: FSceneViewport::OnFocusLost() reason 0
[2024.02.20-11.21.37:819][ 24]LogAssetEditorManager: Opening Asset editor for Blueprint /Game/Arcanoid/Blueprints/Bonus/BP_Bonus.BP_Bonus
[2024.02.20-11.22.15:316][220]Cmd: CLOSE_SLATE_MAINFRAME
[2024.02.20-11.22.15:383][220]LogUObjectHash: Compacting FUObjectHashTables data took   3.40ms
[2024.02.20-11.22.18:590][220]LogSlate: Window 'Save Content' being destroyed
[2024.02.20-11.22.18:630][220]Cmd: OBJ SAVEPACKAGE PACKAGE="/Game/Arcanoid/Blueprints/Bonus/BP_Bonus" FILE="../../../../../MyProject7/Content/Arcanoid/Blueprints/Bonus/BP_Bonus.uasset" SILENT=true
[2024.02.20-11.22.18:661][220]LogSavePackage: Moving '../../../../../MyProject7/Saved/BP_Bonus3B93510A4A29FA88CAB3B78E9787E3AB.tmp' to '../../../../../MyProject7/Content/Arcanoid/Blueprints/Bonus/BP_Bonus.uasset'
[2024.02.20-11.22.18:714][220]LogSlate: Window 'MyProject7 - Unreal Editor' being destroyed
[2024.02.20-11.22.18:917][221]Cmd: QUIT_EDITOR
[2024.02.20-11.22.19:708][221]LogWindowsTextInputMethodSystem: Display: IME system now deactivated.
[2024.02.20-11.22.19:719][221]LogExit: Preparing to exit.
[2024.02.20-11.22.19:995][221]LogExit: Editor shut down
[2024.02.20-11.22.19:995][221]LogExit: Transaction tracking system shut down
[2024.02.20-11.22.20:298][221]LogExit: Object subsystem successfully closed.
[2024.02.20-11.22.20:330][221]LogShaderCompilers: Display: Shaders left to compile 0
[2024.02.20-11.22.20:335][221]LogD3D11RHI: Shutdown
[2024.02.20-11.22.20:335][221]LogD3D11RHI: CleanupD3DDevice
[2024.02.20-11.22.20:336][221]LogRendererCore: FGlobalReadBuffer::ReleaseRHI
[2024.02.20-11.22.20:336][221]LogRendererCore: FGlobalDynamicReadBuffer::Cleanup()
[2024.02.20-11.22.20:336][221]LogRendererCore: FGlobalReadBuffer::ReleaseRHI
[2024.02.20-11.22.20:336][221]LogRendererCore: FGlobalDynamicReadBuffer::Cleanup()
[2024.02.20-11.22.20:336][221]LogRendererCore: FGlobalReadBuffer::ReleaseRHI
[2024.02.20-11.22.20:336][221]LogRendererCore: FGlobalDynamicReadBuffer::Cleanup()
[2024.02.20-11.22.20:450][221]LogD3D11RHI: ~FD3D11DynamicRHI
[2024.02.20-11.22.20:480][221]LogModuleManager: Shutting down and abandoning module MovieSceneCapture (650)
[2024.02.20-11.22.20:481][221]LogModuleManager: Shutting down and abandoning module Voice (648)
[2024.02.20-11.22.20:481][221]LogModuleManager: Shutting down and abandoning module SequencerWidgets (646)
[2024.02.20-11.22.20:481][221]LogModuleManager: Shutting down and abandoning module BlueprintGraph (644)
[2024.02.20-11.22.20:481][221]LogModuleManager: Shutting down and abandoning module HierarchicalLODOutliner (642)
[2024.02.20-11.22.20:481][221]LogModuleManager: Shutting down and abandoning module SceneOutliner (640)
[2024.02.20-11.22.20:481][221]LogModuleManager: Shutting down and abandoning module AddContentDialog (638)
[2024.02.20-11.22.20:482][221]LogModuleManager: Shutting down and abandoning module WidgetCarousel (637)
[2024.02.20-11.22.20:482][221]LogModuleManager: Shutting down and abandoning module EditorWidgets (634)
[2024.02.20-11.22.20:482][221]LogModuleManager: Shutting down and abandoning module CollectionManager (632)
[2024.02.20-11.22.20:482][221]LogModuleManager: Shutting down and abandoning module StatsViewer (630)
[2024.02.20-11.22.20:483][221]LogModuleManager: Shutting down and abandoning module FoliageEdit (628)
[2024.02.20-11.22.20:483][221]LogModuleManager: Shutting down and abandoning module LandscapeEditor (626)
[2024.02.20-11.22.20:484][221]LogModuleManager: Shutting down and abandoning module MeshPaintMode (624)
[2024.02.20-11.22.20:484][221]LogModuleManager: Shutting down and abandoning module SceneDepthPickerMode (622)
[2024.02.20-11.22.20:484][221]LogModuleManager: Shutting down and abandoning module ActorPickerMode (620)
[2024.02.20-11.22.20:484][221]LogModuleManager: Shutting down and abandoning module GeometryMode (618)
[2024.02.20-11.22.20:484][221]LogModuleManager: Shutting down and abandoning module TextureAlignMode (616)
[2024.02.20-11.22.20:484][221]LogModuleManager: Shutting down and abandoning module BspMode (614)
[2024.02.20-11.22.20:484][221]LogModuleManager: Shutting down and abandoning module PIEPreviewDeviceProfileSelector (612)
[2024.02.20-11.22.20:485][221]LogModuleManager: Shutting down and abandoning module SequenceRecorderSections (610)
[2024.02.20-11.22.20:485][221]LogModuleManager: Shutting down and abandoning module AutomationWorker (608)
[2024.02.20-11.22.20:485][221]LogModuleManager: Shutting down and abandoning module OculusMR (606)
[2024.02.20-11.22.20:485][221]LogModuleManager: Shutting down and abandoning module AudioCaptureEditor (604)
[2024.02.20-11.22.20:486][221]LogModuleManager: Shutting down and abandoning module MatineeToLevelSequence (602)
[2024.02.20-11.22.20:486][221]LogModuleManager: Shutting down and abandoning module LevelSequenceEditor (600)
[2024.02.20-11.22.20:487][221]LogModuleManager: Shutting down and abandoning module PlacementMode (599)
[2024.02.20-11.22.20:487][221]LogModuleManager: Shutting down and abandoning module MaterialEditor (598)
[2024.02.20-11.22.20:488][221]LogModuleManager: Shutting down and abandoning module ActorSequenceEditor (594)
[2024.02.20-11.22.20:488][221]LogModuleManager: Shutting down and abandoning module WmfMediaFactory (592)
[2024.02.20-11.22.20:488][221]LogModuleManager: Shutting down and abandoning module WmfMediaEditor (590)
[2024.02.20-11.22.20:488][221]LogModuleManager: Shutting down and abandoning module WebMMediaFactory (588)
[2024.02.20-11.22.20:488][221]LogModuleManager: Shutting down and abandoning module WebMMediaEditor (586)
[2024.02.20-11.22.20:488][221]LogModuleManager: Shutting down and abandoning module WebMMedia (584)
[2024.02.20-11.22.20:488][221]LogModuleManager: Shutting down and abandoning module MediaPlayerEditor (582)
[2024.02.20-11.22.20:489][221]LogModuleManager: Shutting down and abandoning module MediaCompositingEditor (580)
[2024.02.20-11.22.20:489][221]LogModuleManager: Shutting down and abandoning module SequenceRecorder (579)
[2024.02.20-11.22.20:489][221]LogModuleManager: Shutting down and abandoning module OpenExrWrapper (576)
[2024.02.20-11.22.20:489][221]LogModuleManager: Shutting down and abandoning module ImgMediaFactory (574)
[2024.02.20-11.22.20:489][221]LogModuleManager: Shutting down and abandoning module ImgMediaEditor (572)
[2024.02.20-11.22.20:489][221]LogModuleManager: Shutting down and abandoning module AvfMediaFactory (570)
[2024.02.20-11.22.20:489][221]LogModuleManager: Shutting down and abandoning module AvfMediaEditor (568)
[2024.02.20-11.22.20:489][221]LogModuleManager: Shutting down and abandoning module AndroidMediaFactory (566)
[2024.02.20-11.22.20:489][221]LogModuleManager: Shutting down and abandoning module AndroidMediaEditor (564)
[2024.02.20-11.22.20:489][221]LogModuleManager: Shutting down and abandoning module MagicLeapCameraPreviewFactory (562)
[2024.02.20-11.22.20:489][221]LogModuleManager: Shutting down and abandoning module MagicLeapMediaCodecFactory (560)
[2024.02.20-11.22.20:489][221]LogModuleManager: Shutting down and abandoning module MagicLeapMediaFactory (558)
[2024.02.20-11.22.20:489][221]LogModuleManager: Shutting down and abandoning module MagicLeapMediaEditor (556)
[2024.02.20-11.22.20:489][221]LogModuleManager: Shutting down and abandoning module CharacterAI (554)
[2024.02.20-11.22.20:489][221]LogModuleManager: Shutting down and abandoning module SmartSnapping (552)
[2024.02.20-11.22.20:489][221]LogModuleManager: Shutting down and abandoning module SessionServices (550)
[2024.02.20-11.22.20:489][221]LogModuleManager: Shutting down and abandoning module MeshPaint (548)
[2024.02.20-11.22.20:489][221]LogModuleManager: Shutting down and abandoning module ViewportSnapping (546)
[2024.02.20-11.22.20:490][221]LogModuleManager: Shutting down and abandoning module ViewportInteraction (544)
[2024.02.20-11.22.20:490][221]LogModuleManager: Shutting down and abandoning module ClothPainter (542)
[2024.02.20-11.22.20:490][221]LogModuleManager: Shutting down and abandoning module SkeletalMeshEditor (541)
[2024.02.20-11.22.20:491][221]LogModuleManager: Shutting down and abandoning module LogVisualizer (538)
[2024.02.20-11.22.20:492][221]LogModuleManager: Shutting down and abandoning module IntroTutorials (536)
[2024.02.20-11.22.20:492][221]LogModuleManager: Shutting down and abandoning module GameProjectGeneration (535)
[2024.02.20-11.22.20:493][221]LogModuleManager: Shutting down and abandoning module LuminPlatformEditor (532)
[2024.02.20-11.22.20:493][221]LogModuleManager: Shutting down and abandoning module IOSPlatformEditor (530)
[2024.02.20-11.22.20:493][221]LogModuleManager: Shutting down and abandoning module HTML5PlatformEditor (528)
[2024.02.20-11.22.20:493][221]LogModuleManager: Shutting down and abandoning module AndroidPlatformEditor (526)
[2024.02.20-11.22.20:493][221]LogModuleManager: Shutting down and abandoning module AndroidDeviceDetection (525)
[2024.02.20-11.22.20:583][221]LogModuleManager: Shutting down and abandoning module WindowsPlatformEditor (522)
[2024.02.20-11.22.20:583][221]LogModuleManager: Shutting down and abandoning module LuminRuntimeSettings (520)
[2024.02.20-11.22.20:583][221]LogModuleManager: Shutting down and abandoning module IOSRuntimeSettings (518)
[2024.02.20-11.22.20:583][221]LogModuleManager: Shutting down and abandoning module AndroidRuntimeSettings (516)
[2024.02.20-11.22.20:583][221]LogModuleManager: Shutting down and abandoning module TimeManagementEditor (514)
[2024.02.20-11.22.20:583][221]LogModuleManager: Shutting down and abandoning module InputBindingEditor (512)
[2024.02.20-11.22.20:583][221]LogModuleManager: Shutting down and abandoning module MergeActors (510)
[2024.02.20-11.22.20:584][221]LogModuleManager: Shutting down and abandoning module LocalizationDashboard (508)
[2024.02.20-11.22.20:584][221]LogModuleManager: Shutting down and abandoning module LocalizationService (507)
[2024.02.20-11.22.20:584][221]LogModuleManager: Shutting down and abandoning module HardwareTargeting (504)
[2024.02.20-11.22.20:584][221]LogModuleManager: Shutting down and abandoning module DeviceProfileEditor (502)
[2024.02.20-11.22.20:585][221]LogModuleManager: Shutting down and abandoning module UndoHistory (500)
[2024.02.20-11.22.20:585][221]LogModuleManager: Shutting down and abandoning module XmlParser (498)
[2024.02.20-11.22.20:585][221]LogModuleManager: Shutting down and abandoning module Blutility (496)
[2024.02.20-11.22.20:585][221]LogModuleManager: Shutting down and abandoning module ProjectSettingsViewer (494)
[2024.02.20-11.22.20:585][221]LogModuleManager: Shutting down and abandoning module ProjectTargetPlatformEditor (493)
[2024.02.20-11.22.20:586][221]LogModuleManager: Shutting down and abandoning module EditorSettingsViewer (490)
[2024.02.20-11.22.20:586][221]LogModuleManager: Shutting down and abandoning module SettingsEditor (488)
[2024.02.20-11.22.20:586][221]LogModuleManager: Shutting down and abandoning module ProjectLauncher (486)
[2024.02.20-11.22.20:587][221]LogModuleManager: Shutting down and abandoning module SessionFrontend (484)
[2024.02.20-11.22.20:587][221]LogModuleManager: Shutting down and abandoning module ProfilerClient (482)
[2024.02.20-11.22.20:587][221]LogModuleManager: Shutting down and abandoning module DeviceManager (480)
[2024.02.20-11.22.20:588][221]LogModuleManager: Shutting down and abandoning module TargetDeviceServices (479)
[2024.02.20-11.22.20:621][221]LogModuleManager: Shutting down and abandoning module AutomationController (476)
[2024.02.20-11.22.20:621][221]LogModuleManager: Shutting down and abandoning module AutomationWindow (474)
[2024.02.20-11.22.20:622][221]LogModuleManager: Shutting down and abandoning module Layers (472)
[2024.02.20-11.22.20:623][221]LogModuleManager: Shutting down and abandoning module ComponentVisualizers (470)
[2024.02.20-11.22.20:623][221]LogModuleManager: Shutting down and abandoning module DetailCustomizations (468)
[2024.02.20-11.22.20:624][221]LogModuleManager: Shutting down and abandoning module PackagesDialog (466)
[2024.02.20-11.22.20:624][221]LogModuleManager: Shutting down and abandoning module AnimationBlueprintEditor (464)
[2024.02.20-11.22.20:624][221]LogModuleManager: Shutting down and abandoning module Persona (462)
[2024.02.20-11.22.20:625][221]LogModuleManager: Shutting down and abandoning module AdvancedPreviewScene (461)
[2024.02.20-11.22.20:625][221]LogModuleManager: Shutting down and abandoning module AnimGraph (459)
[2024.02.20-11.22.20:625][221]LogModuleManager: Shutting down and abandoning module Kismet (456)
[2024.02.20-11.22.20:630][221]LogModuleManager: Shutting down and abandoning module GraphEditor (454)
[2024.02.20-11.22.20:631][221]LogModuleManager: Shutting down and abandoning module ClassViewer (452)
[2024.02.20-11.22.20:631][221]LogModuleManager: Shutting down and abandoning module Toolbox (450)
[2024.02.20-11.22.20:631][221]LogModuleManager: Shutting down and abandoning module ModuleUI (448)
[2024.02.20-11.22.20:631][221]LogModuleManager: Shutting down and abandoning module MovieSceneTools (446)
[2024.02.20-11.22.20:632][221]LogModuleManager: Shutting down and abandoning module OutputLog (444)
[2024.02.20-11.22.20:632][221]LogModuleManager: Shutting down and abandoning module GammaUI (442)
[2024.02.20-11.22.20:632][221]LogModuleManager: Shutting down and abandoning module Documentation (440)
[2024.02.20-11.22.20:632][221]LogModuleManager: Shutting down and abandoning module LiveCoding (438)
[2024.02.20-11.22.20:632][221]LogModuleManager: Shutting down and abandoning module LevelSequence (436)
[2024.02.20-11.22.20:632][221]LogModuleManager: Shutting down and abandoning module MovieSceneTracks (434)
[2024.02.20-11.22.20:632][221]LogModuleManager: Shutting down and abandoning module MovieScene (432)
[2024.02.20-11.22.20:632][221]LogModuleManager: Shutting down and abandoning module StreamingPauseRendering (430)
[2024.02.20-11.22.20:633][221]LogModuleManager: Shutting down and abandoning module LauncherPlatform (428)
[2024.02.20-11.22.20:633][221]LogModuleManager: Shutting down and abandoning module AnalyticsET (426)
[2024.02.20-11.22.20:633][221]LogModuleManager: Shutting down and abandoning module PortalServices (424)
[2024.02.20-11.22.20:633][221]LogModuleManager: Shutting down and abandoning module PortalRpc (422)
[2024.02.20-11.22.20:633][221]LogModuleManager: Shutting down and abandoning module MessagingRpc (420)
[2024.02.20-11.22.20:633][221]LogModuleManager: Shutting down and abandoning module AIModule (418)
[2024.02.20-11.22.20:633][221]LogModuleManager: Shutting down and abandoning module GameplayDebugger (417)
[2024.02.20-11.22.20:633][221]LogModuleManager: Shutting down and abandoning module AITestSuite (415)
[2024.02.20-11.22.20:633][221]LogModuleManager: Shutting down and abandoning module NavigationSystem (413)
[2024.02.20-11.22.20:633][221]LogModuleManager: Shutting down and abandoning module DesktopPlatform (410)
[2024.02.20-11.22.20:633][221]LogModuleManager: Shutting down and abandoning module ImageWriteQueue (408)
[2024.02.20-11.22.20:637][221]LogModuleManager: Shutting down and abandoning module ProfilerService (406)
[2024.02.20-11.22.20:777][221]LogModuleManager: Shutting down and abandoning module TaskGraph (404)
[2024.02.20-11.22.20:778][221]LogModuleManager: Shutting down and abandoning module SteamVRController (402)
[2024.02.20-11.22.20:778][221]LogModuleManager: Shutting down and abandoning module ProceduralMeshComponentEditor (400)
[2024.02.20-11.22.20:778][221]LogModuleManager: Shutting down and abandoning module ProceduralMeshComponent (398)
[2024.02.20-11.22.20:778][221]LogModuleManager: Shutting down and abandoning module OculusEditor (396)
[2024.02.20-11.22.20:779][221]LogModuleManager: Shutting down and abandoning module OculusInput (394)
[2024.02.20-11.22.20:779][221]LogModuleManager: Shutting down and abandoning module MobilePatchingUtils (392)
[2024.02.20-11.22.20:779][221]LogModuleManager: Shutting down and abandoning module EditableMesh (390)
[2024.02.20-11.22.20:779][221]LogModuleManager: Shutting down and abandoning module CustomMeshComponent (388)
[2024.02.20-11.22.20:779][221]LogModuleManager: Shutting down and abandoning module CableComponent (386)
[2024.02.20-11.22.20:779][221]LogModuleManager: Shutting down and abandoning module AudioCapture (384)
[2024.02.20-11.22.20:779][221]LogModuleManager: Shutting down and abandoning module ArchVisCharacter (382)
[2024.02.20-11.22.20:779][221]LogModuleManager: Shutting down and abandoning module AndroidPermission (380)
[2024.02.20-11.22.20:779][221]LogModuleManager: Shutting down and abandoning module NUTUnrealEngine4 (378)
[2024.02.20-11.22.20:779][221]LogModuleManager: Shutting down and abandoning module NetcodeUnitTest (376)
[2024.02.20-11.22.20:780][221]LogModuleManager: Shutting down and abandoning module MediaCompositing (374)
[2024.02.20-11.22.20:780][221]LogModuleManager: Shutting down and abandoning module LinearTimecode (372)
[2024.02.20-11.22.20:780][221]LogModuleManager: Shutting down and abandoning module ImgMedia (370)
[2024.02.20-11.22.20:780][221]LogModuleManager: Shutting down and abandoning module MagicLeapHelperVulkan (368)
[2024.02.20-11.22.20:780][221]LogModuleManager: Shutting down and abandoning module MagicLeapHelperOpenGL (366)
[2024.02.20-11.22.20:780][221]LogModuleManager: Shutting down and abandoning module MagicLeapAudio (364)
[2024.02.20-11.22.20:781][221]LogModuleManager: Shutting down and abandoning module HTML5Networking (362)
[2024.02.20-11.22.20:781][221]LogModuleManager: Shutting down and abandoning module GeometryCacheTracks (360)
[2024.02.20-11.22.20:781][221]LogModuleManager: Shutting down and abandoning module GeometryCacheSequencer (358)
[2024.02.20-11.22.20:781][221]LogModuleManager: Shutting down and abandoning module BackChannel (356)
[2024.02.20-11.22.20:781][221]LogModuleManager: Shutting down and abandoning module AppleVision (354)
[2024.02.20-11.22.20:781][221]LogModuleManager: Shutting down and abandoning module AppleImageUtilsBlueprintSupport (352)
[2024.02.20-11.22.20:781][221]LogModuleManager: Shutting down and abandoning module AppleImageUtils (350)
[2024.02.20-11.22.20:781][221]LogModuleManager: Shutting down and abandoning module AlembicImporter (348)
[2024.02.20-11.22.20:781][221]LogModuleManager: Shutting down and abandoning module AlembicLibrary (347)
[2024.02.20-11.22.20:781][221]LogModuleManager: Shutting down and abandoning module GeometryCache (346)
[2024.02.20-11.22.20:781][221]LogModuleManager: Shutting down and abandoning module GeometryCacheEd (345)
[2024.02.20-11.22.20:781][221]LogModuleManager: Shutting down and abandoning module VariantManagerContent (340)
[2024.02.20-11.22.20:781][221]LogModuleManager: Shutting down and abandoning module DatasmithContentEditor (338)
[2024.02.20-11.22.20:781][221]LogModuleManager: Shutting down and abandoning module SpeedTreeImporter (336)
[2024.02.20-11.22.20:781][221]LogModuleManager: Shutting down and abandoning module PluginBrowser (334)
[2024.02.20-11.22.20:783][221]LogModuleManager: Shutting down and abandoning module MobileLauncherProfileWizard (332)
[2024.02.20-11.22.20:783][221]LogModuleManager: Shutting down and abandoning module MaterialAnalyzer (330)
[2024.02.20-11.22.20:784][221]LogModuleManager: Shutting down and abandoning module CryptoKeysOpenSSL (328)
[2024.02.20-11.22.20:784][221]LogModuleManager: Shutting down and abandoning module CryptoKeys (326)
[2024.02.20-11.22.20:784][221]LogModuleManager: Shutting down and abandoning module VisualStudioSourceCodeAccess (324)
[2024.02.20-11.22.20:784][221]LogModuleManager: Shutting down and abandoning module VisualStudioCodeSourceCodeAccess (322)
[2024.02.20-11.22.20:784][221]LogModuleManager: Shutting down and abandoning module UObjectPlugin (320)
[2024.02.20-11.22.20:784][221]LogModuleManager: Shutting down and abandoning module SubversionSourceControl (318)
[2024.02.20-11.22.20:784][221]LogModuleManager: Shutting down and abandoning module PerforceSourceControl (316)
[2024.02.20-11.22.20:785][221]LogModuleManager: Shutting down and abandoning module GitSourceControl (314)
[2024.02.20-11.22.20:786][221]LogModuleManager: Shutting down and abandoning module SourceControl (313)
[2024.02.20-11.22.20:786][221]LogModuleManager: Shutting down and abandoning module CLionSourceCodeAccess (310)
[2024.02.20-11.22.20:786][221]LogModuleManager: Shutting down and abandoning module AnimationSharingEd (308)
[2024.02.20-11.22.20:786][221]LogModuleManager: Shutting down and abandoning module ActorLayerUtilitiesEditor (306)
[2024.02.20-11.22.20:786][221]LogModuleManager: Shutting down and abandoning module ActorLayerUtilities (304)
[2024.02.20-11.22.20:786][221]LogModuleManager: Shutting down and abandoning module LightPropagationVolumeEditor (302)
[2024.02.20-11.22.20:786][221]LogModuleManager: Shutting down and abandoning module PaperTiledImporter (300)
[2024.02.20-11.22.20:786][221]LogModuleManager: Shutting down and abandoning module PaperSpriteSheetImporter (298)
[2024.02.20-11.22.20:786][221]LogModuleManager: Shutting down and abandoning module Paper2DEditor (296)
[2024.02.20-11.22.20:787][221]LogModuleManager: Shutting down and abandoning module SignificanceManager (294)
[2024.02.20-11.22.20:787][221]LogModuleManager: Shutting down and abandoning module RuntimePhysXCooking (292)
[2024.02.20-11.22.20:787][221]LogModuleManager: Shutting down and abandoning module PhysXVehiclesEditor (290)
[2024.02.20-11.22.20:787][221]LogModuleManager: Shutting down and abandoning module PhysXVehicles (288)
[2024.02.20-11.22.20:787][221]LogModuleManager: Shutting down and abandoning module LocationServicesBPLibrary (286)
[2024.02.20-11.22.20:787][221]LogModuleManager: Shutting down and abandoning module ActorSequence (284)
[2024.02.20-11.22.20:787][221]LogModuleManager: Shutting down and abandoning module UdpMessaging (282)
[2024.02.20-11.22.20:889][221]LogModuleManager: Shutting down and abandoning module TcpMessaging (280)
[2024.02.20-11.22.20:989][221]LogModuleManager: Shutting down and abandoning module MagicLeapIdentity (278)
[2024.02.20-11.22.20:989][221]LogModuleManager: Shutting down and abandoning module MagicLeapSecureStorage (276)
[2024.02.20-11.22.20:989][221]LogModuleManager: Shutting down and abandoning module MagicLeapHandTracking (274)
[2024.02.20-11.22.20:989][221]LogModuleManager: Shutting down and abandoning module MagicLeapEyeTracker (272)
[2024.02.20-11.22.20:989][221]LogModuleManager: Shutting down and abandoning module MagicLeapController (270)
[2024.02.20-11.22.20:990][221]LogSlate: Slate User Destroyed.  User Index 0, Is Virtual User: 0
[2024.02.20-11.22.20:990][221]LogModuleManager: Shutting down and abandoning module MagicLeapAR (268)
[2024.02.20-11.22.20:990][221]LogModuleManager: Shutting down and abandoning module AugmentedReality (267)
[2024.02.20-11.22.20:990][221]LogModuleManager: Shutting down and abandoning module GameplayTagsEditor (264)
[2024.02.20-11.22.20:990][221]LogModuleManager: Shutting down and abandoning module FacialAnimationEditor (262)
[2024.02.20-11.22.20:990][221]LogModuleManager: Shutting down and abandoning module FacialAnimation (260)
[2024.02.20-11.22.20:990][221]LogModuleManager: Shutting down and abandoning module DataValidation (258)
[2024.02.20-11.22.20:990][221]LogModuleManager: Shutting down and abandoning module AssetManagerEditor (256)
[2024.02.20-11.22.20:991][221]LogModuleManager: Shutting down and abandoning module LevelEditor (255)
[2024.02.20-11.22.20:992][221]LogModuleManager: Shutting down and abandoning module PixelInspectorModule (254)
[2024.02.20-11.22.20:995][221]LogModuleManager: Shutting down and abandoning module CommonMenuExtensions (252)
[2024.02.20-11.22.20:995][221]LogModuleManager: Shutting down and abandoning module MainFrame (250)
[2024.02.20-11.22.20:995][221]LogModuleManager: Shutting down and abandoning module HotReload (249)
[2024.02.20-11.22.20:995][221]LogModuleManager: Shutting down and abandoning module ContentBrowser (245)
[2024.02.20-11.22.20:996][221]LogModuleManager: Shutting down and abandoning module TreeMap (243)
[2024.02.20-11.22.20:997][221]LogModuleManager: Shutting down and abandoning module AnimationSharing (240)
[2024.02.20-11.22.20:997][221]LogModuleManager: Shutting down and abandoning module LightPropagationVolumeRuntime (238)
[2024.02.20-11.22.20:997][221]LogModuleManager: Shutting down and abandoning module AISupportModule (236)
[2024.02.20-11.22.20:997][221]LogModuleManager: Shutting down and abandoning module Paper2D (234)
[2024.02.20-11.22.20:997][221]LogModuleManager: Shutting down and abandoning module WindowsMoviePlayer (232)
[2024.02.20-11.22.20:997][221]LogModuleManager: Shutting down and abandoning module WebMMoviePlayer (230)
[2024.02.20-11.22.20:997][221]LogModuleManager: Shutting down and abandoning module PacketHandler (228)
[2024.02.20-11.22.20:997][221]LogModuleManager: Shutting down and abandoning module ClothingSystemEditor (226)
[2024.02.20-11.22.20:997][221]LogModuleManager: Shutting down and abandoning module ClothingSystemRuntime (224)
[2024.02.20-11.22.20:998][221]LogModuleManager: Shutting down and abandoning module MediaAssets (222)
[2024.02.20-11.22.20:998][221]LogModuleManager: Shutting down and abandoning module Overlay (220)
[2024.02.20-11.22.20:998][221]LogModuleManager: Shutting down and abandoning module OverlayEditor (219)
[2024.02.20-11.22.20:998][221]LogModuleManager: Shutting down and abandoning module VREditor (216)
[2024.02.20-11.22.20:998][221]LogModuleManager: Shutting down and abandoning module StringTableEditor (214)
[2024.02.20-11.22.20:999][221]LogModuleManager: Shutting down and abandoning module GameplayTasksEditor (212)
[2024.02.20-11.22.20:999][221]LogModuleManager: Shutting down and abandoning module BehaviorTreeEditor (210)
[2024.02.20-11.22.21:000][221]LogModuleManager: Shutting down and abandoning module FunctionalTesting (208)
[2024.02.20-11.22.21:001][221]LogModuleManager: Shutting down and abandoning module CollisionAnalyzer (206)
[2024.02.20-11.22.21:002][221]LogModuleManager: Shutting down and abandoning module WorkspaceMenuStructure (205)
[2024.02.20-11.22.21:002][221]LogModuleManager: Shutting down and abandoning module UMG (202)
[2024.02.20-11.22.21:002][221]LogModuleManager: Shutting down and abandoning module UMGEditor (201)
[2024.02.20-11.22.21:002][221]LogModuleManager: Shutting down and abandoning module Sequencer (200)
[2024.02.20-11.22.21:003][221]LogModuleManager: Shutting down and abandoning module MessageLog (197)
[2024.02.20-11.22.21:003][221]LogModuleManager: Shutting down and abandoning module SlateReflector (192)
[2024.02.20-11.22.21:004][221]LogModuleManager: Shutting down and abandoning module Slate (190)
[2024.02.20-11.22.21:005][221]LogModuleManager: Shutting down and abandoning module EditorStyle (188)
[2024.02.20-11.22.21:006][221]LogModuleManager: Shutting down and abandoning module UnrealEd (186)
[2024.02.20-11.22.21:007][221]LogModuleManager: Shutting down and abandoning module MRMesh (184)
[2024.02.20-11.22.21:007][221]LogModuleManager: Shutting down and abandoning module SourceCodeAccess (182)
[2024.02.20-11.22.21:007][221]LogModuleManager: Shutting down and abandoning module HeadMountedDisplay (180)
[2024.02.20-11.22.21:007][221]LogModuleManager: Shutting down and abandoning module XAudio2 (178)
[2024.02.20-11.22.21:007][221]LogModuleManager: Shutting down and abandoning module Networking (176)
[2024.02.20-11.22.21:007][221]LogModuleManager: Shutting down and abandoning module Core (174)
[2024.02.20-11.22.21:007][221]LogModuleManager: Shutting down and abandoning module KismetCompiler (172)
[2024.02.20-11.22.21:007][221]LogModuleManager: Shutting down and abandoning module MeshUtilities (170)
[2024.02.20-11.22.21:007][221]LogModuleManager: Shutting down and abandoning module MeshMergeUtilities (169)
[2024.02.20-11.22.21:007][221]LogModuleManager: Shutting down and abandoning module MeshReductionInterface (168)
[2024.02.20-11.22.21:007][221]LogModuleManager: Shutting down and abandoning module SkeletalMeshReduction (167)
[2024.02.20-11.22.21:007][221]LogModuleManager: Shutting down and abandoning module ProxyLODMeshReduction (165)
[2024.02.20-11.22.21:008][221]LogModuleManager: Shutting down and abandoning module QuadricMeshReduction (163)
[2024.02.20-11.22.21:008][221]LogModuleManager: Shutting down and abandoning module MaterialBaking (159)
[2024.02.20-11.22.21:008][221]LogModuleManager: Shutting down and abandoning module DerivedDataCache (154)
[2024.02.20-11.22.21:027][221]LogDerivedDataCache: Shutdown
[2024.02.20-11.22.21:027][221]LogModuleManager: Shutting down and abandoning module XGEController (152)
[2024.02.20-11.22.21:027][221]LogModuleManager: Shutting down and abandoning module TargetPlatform (150)
[2024.02.20-11.22.21:027][221]LogModuleManager: Shutting down and abandoning module VulkanShaderFormat (149)
[2024.02.20-11.22.21:027][221]LogModuleManager: Shutting down and abandoning module ShaderFormatVectorVM (147)
[2024.02.20-11.22.21:027][221]LogModuleManager: Shutting down and abandoning module ShaderFormatOpenGL (145)
[2024.02.20-11.22.21:028][221]LogModuleManager: Shutting down and abandoning module ShaderFormatD3D (143)
[2024.02.20-11.22.21:028][221]LogModuleManager: Shutting down and abandoning module MetalShaderFormat (141)
[2024.02.20-11.22.21:028][221]LogModuleManager: Shutting down and abandoning module TextureFormatUncompressed (139)
[2024.02.20-11.22.21:028][221]LogModuleManager: Shutting down and abandoning module TextureFormatPVR (137)
[2024.02.20-11.22.21:028][221]LogModuleManager: Shutting down and abandoning module TextureFormatDXT (135)
[2024.02.20-11.22.21:028][221]LogModuleManager: Shutting down and abandoning module TextureFormatIntelISPCTexComp (133)
[2024.02.20-11.22.21:029][221]LogModuleManager: Shutting down and abandoning module TextureFormatASTC (131)
[2024.02.20-11.22.21:029][221]LogModuleManager: Shutting down and abandoning module ImageWrapper (130)
[2024.02.20-11.22.21:029][221]LogModuleManager: Shutting down and abandoning module TextureFormatAndroid (127)
[2024.02.20-11.22.21:029][221]LogModuleManager: Shutting down and abandoning module AudioFormatOpus (125)
[2024.02.20-11.22.21:029][221]LogModuleManager: Shutting down and abandoning module AudioFormatOgg (123)
[2024.02.20-11.22.21:029][221]LogModuleManager: Shutting down and abandoning module AudioFormatADPCM (121)
[2024.02.20-11.22.21:029][221]LogModuleManager: Shutting down and abandoning module LuminTargetPlatform (119)
[2024.02.20-11.22.21:030][221]LogModuleManager: Shutting down and abandoning module LinuxTargetPlatform (117)
[2024.02.20-11.22.21:030][221]LogModuleManager: Shutting down and abandoning module LinuxServerTargetPlatform (115)
[2024.02.20-11.22.21:030][221]LogModuleManager: Shutting down and abandoning module LinuxNoEditorTargetPlatform (113)
[2024.02.20-11.22.21:030][221]LogModuleManager: Shutting down and abandoning module LinuxClientTargetPlatform (111)
[2024.02.20-11.22.21:030][221]LogModuleManager: Shutting down and abandoning module TVOSTargetPlatform (109)
[2024.02.20-11.22.21:031][221]LogModuleManager: Shutting down and abandoning module Messaging (107)
[2024.02.20-11.22.21:031][221]LogModuleManager: Shutting down and abandoning module IOSTargetPlatform (105)
[2024.02.20-11.22.21:032][221]LogModuleManager: Shutting down and abandoning module HTML5TargetPlatform (103)
[2024.02.20-11.22.21:032][221]LogModuleManager: Shutting down and abandoning module AndroidTargetPlatform (101)
[2024.02.20-11.22.21:041][221]LogModuleManager: Shutting down and abandoning module WindowsTargetPlatform (99)
[2024.02.20-11.22.21:041][221]LogModuleManager: Shutting down and abandoning module WindowsServerTargetPlatform (97)
[2024.02.20-11.22.21:041][221]LogModuleManager: Shutting down and abandoning module WindowsNoEditorTargetPlatform (95)
[2024.02.20-11.22.21:041][221]LogModuleManager: Shutting down and abandoning module WindowsClientTargetPlatform (93)
[2024.02.20-11.22.21:041][221]LogModuleManager: Shutting down and abandoning module MacTargetPlatform (91)
[2024.02.20-11.22.21:041][221]LogModuleManager: Shutting down and abandoning module MacServerTargetPlatform (89)
[2024.02.20-11.22.21:041][221]LogModuleManager: Shutting down and abandoning module MacNoEditorTargetPlatform (87)
[2024.02.20-11.22.21:041][221]LogModuleManager: Shutting down and abandoning module MacClientTargetPlatform (85)
[2024.02.20-11.22.21:041][221]LogModuleManager: Shutting down and abandoning module AllDesktopTargetPlatform (83)
[2024.02.20-11.22.21:041][221]LogModuleManager: Shutting down and abandoning module InputCore (80)
[2024.02.20-11.22.21:041][221]LogModuleManager: Shutting down and abandoning module Settings (78)
[2024.02.20-11.22.21:041][221]LogModuleManager: Shutting down and abandoning module DirectoryWatcher (76)
[2024.02.20-11.22.21:041][221]LogModuleManager: Shutting down and abandoning module PhysXCooking (74)
[2024.02.20-11.22.21:041][221]LogModuleManager: Shutting down and abandoning module SteamVR (72)
[2024.02.20-11.22.21:041][221]LogHMD: Freeing OpenVRDLLHandle.
[2024.02.20-11.22.21:041][221]LogModuleManager: Shutting down and abandoning module OculusHMD (70)
[2024.02.20-11.22.21:042][221]LogModuleManager: Shutting down and abandoning module ExampleDeviceProfileSelector (68)
[2024.02.20-11.22.21:042][221]LogModuleManager: Shutting down and abandoning module LauncherChunkInstaller (66)
[2024.02.20-11.22.21:042][221]LogModuleManager: Shutting down and abandoning module OnlineBlueprintSupport (64)
[2024.02.20-11.22.21:042][221]LogModuleManager: Shutting down and abandoning module OnlineSubsystem (60)
[2024.02.20-11.22.21:043][221]LogModuleManager: Shutting down and abandoning module XMPP (55)
[2024.02.20-11.22.21:043][221]LogModuleManager: Shutting down and abandoning module WebSockets (54)
[2024.02.20-11.22.21:068][221]LogModuleManager: Shutting down and abandoning module HTTP (51)
[2024.02.20-11.22.21:068][221]LogHttp: Display: Http module shutting down, but needs to wait on 1 outstanding Http requests:
[2024.02.20-11.22.21:068][221]LogHttp: Display: 	verb=[POST] url=[https://datarouter.ol.epicgames.com/datarouter/api/v1/public/data?SessionID=%7B717D65A1-4C59-A752-9442-01BD6B7C2013%7D&AppID=UEEditor.Rocket.Release&AppVersion=4.22.3-7053642%2B%2B%2BUE4%2BRelease-4.22&UserID=b00129ef480f8306c0757698bf71ab11%7C080c6fa8f2624003ad3736477e37ce11%7C82b71f1f-b8ae-426c-88bd-8d465a7409b1&AppEnvironment=datacollector-binary&UploadType=eteventstream] status=Processing
[2024.02.20-11.22.21:092][221]LogModuleManager: Shutting down and abandoning module SSL (50)
[2024.02.20-11.22.21:093][221]LogModuleManager: Shutting down and abandoning module WmfMedia (46)
[2024.02.20-11.22.21:095][221]LogModuleManager: Shutting down and abandoning module Media (45)
[2024.02.20-11.22.21:102][221]LogModuleManager: Shutting down and abandoning module MagicLeap (42)
[2024.02.20-11.22.21:102][221]LogModuleManager: Shutting down and abandoning module DatasmithContent (40)
[2024.02.20-11.22.21:102][221]LogModuleManager: Shutting down and abandoning module AnimationModifiers (38)
[2024.02.20-11.22.21:103][221]LogModuleManager: Shutting down and abandoning module PropertyEditor (37)
[2024.02.20-11.22.21:103][221]LogModuleManager: Shutting down and abandoning module AudioEditor (34)
[2024.02.20-11.22.21:105][221]LogModuleManager: Shutting down and abandoning module TextureCompressor (32)
[2024.02.20-11.22.21:105][221]LogModuleManager: Shutting down and abandoning module RenderCore (30)
[2024.02.20-11.22.21:106][221]LogModuleManager: Shutting down and abandoning module Landscape (28)
[2024.02.20-11.22.21:106][221]LogModuleManager: Shutting down and abandoning module SlateRHIRenderer (26)
[2024.02.20-11.22.21:107][221]LogModuleManager: Shutting down and abandoning module OpenGLDrv (24)
[2024.02.20-11.22.21:108][221]LogModuleManager: Shutting down and abandoning module D3D11RHI (22)
[2024.02.20-11.22.21:108][221]LogModuleManager: Shutting down and abandoning module AnimGraphRuntime (20)
[2024.02.20-11.22.21:108][221]LogModuleManager: Shutting down and abandoning module Renderer (18)
[2024.02.20-11.22.21:108][221]LogModuleManager: Shutting down and abandoning module Engine (16)
[2024.02.20-11.22.21:108][221]LogModuleManager: Shutting down and abandoning module CoreUObject (14)
[2024.02.20-11.22.21:108][221]LogModuleManager: Shutting down and abandoning module NetworkFile (12)
[2024.02.20-11.22.21:108][221]LogModuleManager: Shutting down and abandoning module CookedIterativeFile (10)
[2024.02.20-11.22.21:108][221]LogModuleManager: Shutting down and abandoning module StreamingFile (8)
[2024.02.20-11.22.21:109][221]LogModuleManager: Shutting down and abandoning module SandboxFile (6)
[2024.02.20-11.22.21:109][221]LogModuleManager: Shutting down and abandoning module PakFile (4)
[2024.02.20-11.22.21:109][221]LogModuleManager: Shutting down and abandoning module RSA (3)
[2024.02.20-11.22.21:116][221]LogExit: Exiting.
[2024.02.20-11.22.21:128][221]Log file closed, 02/20/24 21:22:21
